#
# A fatal error has been detected by the Java Runtime Environment:
#
#  Internal Error (./open/src/hotspot/share/interpreter/oopMapCache.cpp:111), pid=512236, tid=503392
#  Error: ShouldNotReachHere()
#
# JRE version: Java(TM) SE Runtime Environment (14.0.1+7) (build 14.0.1+7)
# Java VM: Java HotSpot(TM) 64-Bit Server VM (14.0.1+7, mixed mode, sharing, tiered, compressed oops, g1 gc, windows-amd64)
# No core dump will be written. Minidumps are not enabled by default on client versions of Windows
#
# If you would like to submit a bug report, please visit:
#   https://bugreport.java.com/bugreport/crash.jsp
#

---------------  S U M M A R Y ------------

Command Line: -agentlib:jdwp=transport=dt_socket,suspend=y,address=localhost:59137 -ea -Dfile.encoding=Cp1252 org.testng.remote.RemoteTestNG -serport 59130 -protocol json -d C:\Users\O579347\EAMMAutomation\testing-automation\eam_Selenium\test-output C:\Users\O579347\AppData\Local\Temp\testng-eclipse-444472128\testng-customsuite.xml

Host: Intel(R) Core(TM) i7-8850H CPU @ 2.60GHz, 12 cores, 31G,  Windows 10 , 64 bit Build 17134 (10.0.17134.1425)
Time: Mon Aug 31 18:21:22 2020 Pacific Daylight Time elapsed time: 343 seconds (0d 0h 5m 43s)

---------------  T H R E A D  ---------------

Current thread (0x000001fdb73f5800):  JavaThread "JDWP Transport Listener: dt_socket" daemon [_thread_in_vm, id=503392, stack(0x00000039d7b00000,0x00000039d7c00000)] _threads_hazard_ptr=0x000001fdb96ea830

Stack: [0x00000039d7b00000,0x00000039d7c00000]
Native frames: (J=compiled Java code, j=interpreted, Vv=VM code, C=native code)
V  [jvm.dll+0x5f840a]
V  [jvm.dll+0x741e4a]
V  [jvm.dll+0x7435ff]
V  [jvm.dll+0x743bf7]
V  [jvm.dll+0x20d20c]
V  [jvm.dll+0x20d173]
V  [jvm.dll+0x5e754f]
V  [jvm.dll+0x5e72ad]
V  [jvm.dll+0x5af2b3]
V  [jvm.dll+0x7394bf]
V  [jvm.dll+0x4bee71]
V  [jvm.dll+0x748a5b]
V  [jvm.dll+0x4a54fe]
V  [jvm.dll+0x46ee8b]
C  [jdwp.dll+0x751f]


---------------  P R O C E S S  ---------------

Threads class SMR info:
_java_thread_list=0x000001fdb96ea830, length=20, elements={
0x000001fd89908000, 0x000001fdb7263000, 0x000001fdb7264800, 0x000001fdb727f000,
0x000001fdb7280000, 0x000001fdb7281000, 0x000001fdb7282000, 0x000001fdb7298800,
0x000001fdb729c000, 0x000001fdb73f5800, 0x000001fdb73f7000, 0x000001fdb73f8800,
0x000001fdb743a800, 0x000001fdb7444000, 0x000001fdb82e0800, 0x000001fdb973a800,
0x000001fdb82e1000, 0x000001fdbac41000, 0x000001fdbac42000, 0x000001fdb94f3800
}

Java Threads: ( => current thread )
  0x000001fd89908000 JavaThread "main" [_thread_blocked, id=507008, stack(0x00000039d6b00000,0x00000039d6c00000)]
  0x000001fdb7263000 JavaThread "Reference Handler" daemon [_thread_blocked, id=509356, stack(0x00000039d7200000,0x00000039d7300000)]
  0x000001fdb7264800 JavaThread "Finalizer" daemon [_thread_blocked, id=509416, stack(0x00000039d7300000,0x00000039d7400000)]
  0x000001fdb727f000 JavaThread "Signal Dispatcher" daemon [_thread_blocked, id=505884, stack(0x00000039d7400000,0x00000039d7500000)]
  0x000001fdb7280000 JavaThread "Attach Listener" daemon [_thread_blocked, id=494324, stack(0x00000039d7500000,0x00000039d7600000)]
  0x000001fdb7281000 JavaThread "Service Thread" daemon [_thread_blocked, id=495460, stack(0x00000039d7600000,0x00000039d7700000)]
  0x000001fdb7282000 JavaThread "C2 CompilerThread0" daemon [_thread_blocked, id=497660, stack(0x00000039d7700000,0x00000039d7800000)]
  0x000001fdb7298800 JavaThread "C1 CompilerThread0" daemon [_thread_blocked, id=506640, stack(0x00000039d7800000,0x00000039d7900000)]
  0x000001fdb729c000 JavaThread "Sweeper thread" daemon [_thread_blocked, id=512796, stack(0x00000039d7900000,0x00000039d7a00000)]
=>0x000001fdb73f5800 JavaThread "JDWP Transport Listener: dt_socket" daemon [_thread_in_vm, id=503392, stack(0x00000039d7b00000,0x00000039d7c00000)] _threads_hazard_ptr=0x000001fdb96ea830
  0x000001fdb73f7000 JavaThread "JDWP Event Helper Thread" daemon [_thread_blocked, id=510956, stack(0x00000039d7c00000,0x00000039d7d00000)]
  0x000001fdb73f8800 JavaThread "JDWP Command Reader" daemon [_thread_in_native, id=498224, stack(0x00000039d7d00000,0x00000039d7e00000)]
  0x000001fdb743a800 JavaThread "Notification Thread" daemon [_thread_blocked, id=493936, stack(0x00000039d7e00000,0x00000039d7f00000)]
  0x000001fdb7444000 JavaThread "Common-Cleaner" daemon [_thread_blocked, id=506660, stack(0x00000039d8000000,0x00000039d8100000)]
  0x000001fdb82e0800 JavaThread "ReaderThread" [_thread_in_native, id=511784, stack(0x00000039d8300000,0x00000039d8400000)]
  0x000001fdb973a800 JavaThread "Exec Default Executor" daemon [_thread_in_native, id=497768, stack(0x00000039d9100000,0x00000039d9200000)]
  0x000001fdb82e1000 JavaThread "Exec Stream Pumper" daemon [_thread_in_native, id=507140, stack(0x00000039d8100000,0x00000039d8200000)]
  0x000001fdbac41000 JavaThread "Exec Stream Pumper" daemon [_thread_in_native, id=505804, stack(0x00000039d8400000,0x00000039d8500000)]
  0x000001fdbac42000 JavaThread "OkHttp ConnectionPool" daemon [_thread_blocked, id=509700, stack(0x00000039d9300000,0x00000039d9400000)]
  0x000001fdb94f3800 JavaThread "Okio Watchdog" daemon [_thread_blocked, id=509264, stack(0x00000039d9400000,0x00000039d9500000)]

Other Threads:
  0x000001fdb686e800 VMThread "VM Thread" [stack: 0x00000039d7100000,0x00000039d7200000] [id=508448]
  0x000001fdb740d000 WatcherThread [stack: 0x00000039d7f00000,0x00000039d8000000] [id=508300]
  0x000001fd8998a800 GCTaskThread "GC Thread#0" [stack: 0x00000039d6c00000,0x00000039d6d00000] [id=499636]
  0x000001fdb8af8000 GCTaskThread "GC Thread#1" [stack: 0x00000039d8500000,0x00000039d8600000] [id=512880]
  0x000001fdb8af8800 GCTaskThread "GC Thread#2" [stack: 0x00000039d8600000,0x00000039d8700000] [id=497556]
  0x000001fdb8af9800 GCTaskThread "GC Thread#3" [stack: 0x00000039d8700000,0x00000039d8800000] [id=489160]
  0x000001fdb8b34800 GCTaskThread "GC Thread#4" [stack: 0x00000039d8800000,0x00000039d8900000] [id=506260]
  0x000001fdb8b35000 GCTaskThread "GC Thread#5" [stack: 0x00000039d8900000,0x00000039d8a00000] [id=496392]
  0x000001fdb8b36000 GCTaskThread "GC Thread#6" [stack: 0x00000039d8a00000,0x00000039d8b00000] [id=508216]
  0x000001fdb8b37000 GCTaskThread "GC Thread#7" [stack: 0x00000039d8b00000,0x00000039d8c00000] [id=478792]
  0x000001fdb8b38000 GCTaskThread "GC Thread#8" [stack: 0x00000039d8c00000,0x00000039d8d00000] [id=509124]
  0x000001fdb8b3c800 GCTaskThread "GC Thread#9" [stack: 0x00000039d8d00000,0x00000039d8e00000] [id=487456]
  0x000001fd899ac800 ConcurrentGCThread "G1 Main Marker" [stack: 0x00000039d6d00000,0x00000039d6e00000] [id=506164]
  0x000001fd899af800 ConcurrentGCThread "G1 Conc#0" [stack: 0x00000039d6e00000,0x00000039d6f00000] [id=492608]
  0x000001fdb8fd3000 ConcurrentGCThread "G1 Conc#1" [stack: 0x00000039d8f00000,0x00000039d9000000] [id=468576]
  0x000001fdba7a0800 ConcurrentGCThread "G1 Conc#2" [stack: 0x00000039d9000000,0x00000039d9100000] [id=507084]
  0x000001fdb6837800 ConcurrentGCThread "G1 Refine#0" [stack: 0x00000039d6f00000,0x00000039d7000000] [id=505960]
  0x000001fdb683a800 ConcurrentGCThread "G1 Young RemSet Sampling" [stack: 0x00000039d7000000,0x00000039d7100000] [id=509104]

Threads with active compile tasks:

VM state:not at safepoint (normal execution)

VM Mutex/Monitor currently owned by a thread: None

Heap address: 0x0000000604800000, size: 8120 MB, Compressed Oops mode: Zero based, Oop shift amount: 3
Narrow klass base: 0x0000000800000000, Narrow klass shift: 3
Compressed class space size: 1073741824 Address: 0x0000000800b30000

Heap:
 garbage-first heap   total 49152K, used 16737K [0x0000000604800000, 0x0000000800000000)
  region size 2048K, 4 young (8192K), 1 survivors (2048K)
 Metaspace       used 26721K, capacity 27457K, committed 27520K, reserved 1073152K
  class space    used 3163K, capacity 3433K, committed 3456K, reserved 1048576K
Heap Regions: E=young(eden), S=young(survivor), O=old, HS=humongous(starts), HC=humongous(continues), CS=collection set, F=free, OA=open archive, CA=closed archive, TAMS=top-at-mark-start (previous, next)
|   0|0x0000000604800000, 0x0000000604a00000, 0x0000000604a00000|100%| O|  |TAMS 0x0000000604a00000, 0x0000000604800000| Untracked 
|   1|0x0000000604a00000, 0x0000000604c00000, 0x0000000604c00000|100%| O|  |TAMS 0x0000000604c00000, 0x0000000604a00000| Untracked 
|   2|0x0000000604c00000, 0x0000000604e00000, 0x0000000604e00000|100%| O|  |TAMS 0x0000000604e00000, 0x0000000604c00000| Untracked 
|   3|0x0000000604e00000, 0x0000000604ee9000, 0x0000000605000000| 45%| O|  |TAMS 0x0000000604ee9000, 0x0000000604e00000| Untracked 
|   4|0x0000000605000000, 0x0000000605200000, 0x0000000605200000|100%| O|  |TAMS 0x0000000605000000, 0x0000000605000000| Untracked 
|   5|0x0000000605200000, 0x0000000605386000, 0x0000000605400000| 76%| O|  |TAMS 0x0000000605200000, 0x0000000605200000| Untracked 
|   6|0x0000000605400000, 0x0000000605400000, 0x0000000605600000|  0%| F|  |TAMS 0x0000000605400000, 0x0000000605400000| Untracked 
|   7|0x0000000605600000, 0x0000000605600000, 0x0000000605800000|  0%| F|  |TAMS 0x0000000605600000, 0x0000000605600000| Untracked 
|   8|0x0000000605800000, 0x0000000605800000, 0x0000000605a00000|  0%| F|  |TAMS 0x0000000605800000, 0x0000000605800000| Untracked 
|   9|0x0000000605a00000, 0x0000000605a00000, 0x0000000605c00000|  0%| F|  |TAMS 0x0000000605a00000, 0x0000000605a00000| Untracked 
|  10|0x0000000605c00000, 0x0000000605c00000, 0x0000000605e00000|  0%| F|  |TAMS 0x0000000605c00000, 0x0000000605c00000| Untracked 
|  11|0x0000000605e00000, 0x0000000605e00000, 0x0000000606000000|  0%| F|  |TAMS 0x0000000605e00000, 0x0000000605e00000| Untracked 
|  12|0x0000000606000000, 0x0000000606000000, 0x0000000606200000|  0%| F|  |TAMS 0x0000000606000000, 0x0000000606000000| Untracked 
|  13|0x0000000606200000, 0x00000006063e95d8, 0x0000000606400000| 95%| S|CS|TAMS 0x0000000606200000, 0x0000000606200000| Complete 
|  14|0x0000000606400000, 0x0000000606400000, 0x0000000606600000|  0%| F|  |TAMS 0x0000000606400000, 0x0000000606400000| Untracked 
|  15|0x0000000606600000, 0x0000000606600000, 0x0000000606800000|  0%| F|  |TAMS 0x0000000606600000, 0x0000000606600000| Untracked 
|  16|0x0000000606800000, 0x0000000606800000, 0x0000000606a00000|  0%| F|  |TAMS 0x0000000606800000, 0x0000000606800000| Untracked 
|  17|0x0000000606a00000, 0x0000000606a00000, 0x0000000606c00000|  0%| F|  |TAMS 0x0000000606a00000, 0x0000000606a00000| Untracked 
|  18|0x0000000606c00000, 0x0000000606c00000, 0x0000000606e00000|  0%| F|  |TAMS 0x0000000606c00000, 0x0000000606c00000| Untracked 
|  19|0x0000000606e00000, 0x0000000606e00000, 0x0000000607000000|  0%| F|  |TAMS 0x0000000606e00000, 0x0000000606e00000| Untracked 
|  20|0x0000000607000000, 0x0000000607000000, 0x0000000607200000|  0%| F|  |TAMS 0x0000000607000000, 0x0000000607000000| Untracked 
| 235|0x0000000621e00000, 0x0000000621ea6770, 0x0000000622000000| 32%| E|  |TAMS 0x0000000621e00000, 0x0000000621e00000| Complete 
| 236|0x0000000622000000, 0x0000000622200000, 0x0000000622200000|100%| E|CS|TAMS 0x0000000622000000, 0x0000000622000000| Complete 
| 253|0x0000000624200000, 0x0000000624400000, 0x0000000624400000|100%| E|CS|TAMS 0x0000000624200000, 0x0000000624200000| Complete 

Card table byte_map: [0x000001fda25c0000,0x000001fda35a0000] _byte_map_base: 0x000001fd9f59c000

Marking Bits (Prev, Next): (CMBitMap*) 0x000001fd8998b4c8, (CMBitMap*) 0x000001fd8998b488
 Prev Bits: [0x000001fdac460000, 0x000001fdb4340000)
 Next Bits: [0x000001fda4580000, 0x000001fdac460000)

Polling page: 0x000001fd87540000

Metaspace:

Usage:
  Non-class:     23.46 MB capacity,    23.01 MB ( 98%) used,   382.32 KB (  2%) free+waste,    83.25 KB ( <1%) overhead. 
      Class:      3.35 MB capacity,     3.09 MB ( 92%) used,   231.02 KB (  7%) free+waste,    38.75 KB (  1%) overhead. 
       Both:     26.81 MB capacity,    26.10 MB ( 97%) used,   613.34 KB (  2%) free+waste,   122.00 KB ( <1%) overhead. 

Virtual space:
  Non-class space:       24.00 MB reserved,      23.50 MB ( 98%) committed 
      Class space:        1.00 GB reserved,       3.38 MB ( <1%) committed 
             Both:        1.02 GB reserved,      26.88 MB (  3%) committed 

Chunk freelists:
   Non-Class:  40.00 KB
       Class:  23.00 KB
        Both:  63.00 KB

MaxMetaspaceSize: 17179869184.00 GB
CompressedClassSpaceSize: 1.00 GB

CodeHeap 'non-profiled nmethods': size=120000Kb used=1772Kb max_used=1772Kb free=118227Kb
 bounds [0x000001fd99b60000, 0x000001fd99dd0000, 0x000001fda1090000]
CodeHeap 'profiled nmethods': size=120000Kb used=6756Kb max_used=6756Kb free=113243Kb
 bounds [0x000001fd92630000, 0x000001fd92cd0000, 0x000001fd99b60000]
CodeHeap 'non-nmethods': size=5760Kb used=1375Kb max_used=1437Kb free=4384Kb
 bounds [0x000001fd92090000, 0x000001fd92300000, 0x000001fd92630000]
 total_blobs=4881 nmethods=3195 adapters=482
 compilation: enabled
              stopped_count=0, restarted_count=0
 full_count=0

Compilation events (20 events):
Event: 122.596 Thread 0x000001fdb7298800 3188       1       org.openqa.selenium.remote.Response::setStatus (6 bytes)
Event: 122.596 Thread 0x000001fdb7298800 nmethod 3188 0x000001fd99d1a210 code [0x000001fd99d1a3a0, 0x000001fd99d1a4d8]
Event: 122.596 Thread 0x000001fdb7298800 3189       1       org.openqa.selenium.remote.Response::getSessionId (5 bytes)
Event: 122.596 Thread 0x000001fdb7298800 nmethod 3189 0x000001fd99d1a590 code [0x000001fd99d1a720, 0x000001fd99d1a7f8]
Event: 122.596 Thread 0x000001fdb7298800 3190       1       org.openqa.selenium.remote.RemoteWebDriver::getElementConverter (5 bytes)
Event: 122.596 Thread 0x000001fdb7298800 nmethod 3190 0x000001fd99d1a890 code [0x000001fd99d1aa20, 0x000001fd99d1aaf8]
Event: 122.596 Thread 0x000001fdb7298800 3191       1       org.openqa.selenium.remote.http.AbstractHttpCommandCodec$CommandSpec::access$100 (5 bytes)
Event: 122.596 Thread 0x000001fdb7298800 nmethod 3191 0x000001fd99d1ab90 code [0x000001fd99d1ad20, 0x000001fd99d1adb8]
Event: 122.702 Thread 0x000001fdb7298800 3192       3       org.openqa.selenium.remote.http.HttpResponse::getContent (5 bytes)
Event: 122.703 Thread 0x000001fdb7298800 nmethod 3192 0x000001fd92cc7690 code [0x000001fd92cc7840, 0x000001fd92cc7988]
Event: 122.703 Thread 0x000001fdb7298800 3193       3       org.openqa.selenium.remote.http.HttpResponse::getHeader (6 bytes)
Event: 122.703 Thread 0x000001fdb7298800 nmethod 3193 0x000001fd92cc7a10 code [0x000001fd92cc7bc0, 0x000001fd92cc7d28]
Event: 122.703 Thread 0x000001fdb7298800 3194       3       org.openqa.selenium.remote.http.HttpResponse::getHeaders (6 bytes)
Event: 122.703 Thread 0x000001fdb7298800 nmethod 3194 0x000001fd92cc7e10 code [0x000001fd92cc7fc0, 0x000001fd92cc8128]
Event: 122.703 Thread 0x000001fdb7298800 3195       1       org.openqa.selenium.remote.Response::setSessionId (6 bytes)
Event: 122.703 Thread 0x000001fdb7298800 nmethod 3195 0x000001fd99d1ae90 code [0x000001fd99d1b020, 0x000001fd99d1b158]
Event: 122.703 Thread 0x000001fdb7298800 3196       3       sun.nio.cs.StreamEncoder::ensureOpen (18 bytes)
Event: 122.703 Thread 0x000001fdb7298800 nmethod 3196 0x000001fd92cc8210 code [0x000001fd92cc83c0, 0x000001fd92cc8608]
Event: 123.719 Thread 0x000001fdb7298800 3197   !   3       sun.nio.ch.NioSocketImpl::configureNonBlocking (63 bytes)
Event: 123.719 Thread 0x000001fdb7298800 nmethod 3197 0x000001fd92cc8710 code [0x000001fd92cc8920, 0x000001fd92cc8f88]

GC Heap History (14 events):
Event: 0.927 GC heap before
{Heap before GC invocations=0 (full 0):
 garbage-first heap   total 520192K, used 22528K [0x0000000604800000, 0x0000000800000000)
  region size 2048K, 12 young (24576K), 0 survivors (0K)
 Metaspace       used 10074K, capacity 10332K, committed 10496K, reserved 1058816K
  class space    used 1144K, capacity 1229K, committed 1280K, reserved 1048576K
}
Event: 0.932 GC heap after
{Heap after GC invocations=1 (full 0):
 garbage-first heap   total 520192K, used 7114K [0x0000000604800000, 0x0000000800000000)
  region size 2048K, 2 young (4096K), 2 survivors (4096K)
 Metaspace       used 10074K, capacity 10332K, committed 10496K, reserved 1058816K
  class space    used 1144K, capacity 1229K, committed 1280K, reserved 1048576K
}
Event: 1.200 GC heap before
{Heap before GC invocations=1 (full 0):
 garbage-first heap   total 520192K, used 31690K [0x0000000604800000, 0x0000000800000000)
  region size 2048K, 14 young (28672K), 2 survivors (4096K)
 Metaspace       used 15075K, capacity 15334K, committed 15360K, reserved 1062912K
  class space    used 1688K, capacity 1767K, committed 1792K, reserved 1048576K
}
Event: 1.203 GC heap after
{Heap after GC invocations=2 (full 0):
 garbage-first heap   total 520192K, used 8567K [0x0000000604800000, 0x0000000800000000)
  region size 2048K, 1 young (2048K), 1 survivors (2048K)
 Metaspace       used 15075K, capacity 15334K, committed 15360K, reserved 1062912K
  class space    used 1688K, capacity 1767K, committed 1792K, reserved 1048576K
}
Event: 1.666 GC heap before
{Heap before GC invocations=2 (full 0):
 garbage-first heap   total 520192K, used 39287K [0x0000000604800000, 0x0000000800000000)
  region size 2048K, 17 young (34816K), 1 survivors (2048K)
 Metaspace       used 20832K, capacity 21172K, committed 21248K, reserved 1069056K
  class space    used 2395K, capacity 2519K, committed 2560K, reserved 1048576K
}
Event: 1.668 GC heap after
{Heap after GC invocations=3 (full 0):
 garbage-first heap   total 520192K, used 10802K [0x0000000604800000, 0x0000000800000000)
  region size 2048K, 2 young (4096K), 2 survivors (4096K)
 Metaspace       used 20832K, capacity 21172K, committed 21248K, reserved 1069056K
  class space    used 2395K, capacity 2519K, committed 2560K, reserved 1048576K
}
Event: 5.938 GC heap before
{Heap before GC invocations=4 (full 0):
 garbage-first heap   total 49152K, used 35378K [0x0000000604800000, 0x0000000800000000)
  region size 2048K, 14 young (28672K), 2 survivors (4096K)
 Metaspace       used 25569K, capacity 26331K, committed 26496K, reserved 1073152K
  class space    used 3078K, capacity 3345K, committed 3456K, reserved 1048576K
}
Event: 5.942 GC heap after
{Heap after GC invocations=5 (full 0):
 garbage-first heap   total 49152K, used 12311K [0x0000000604800000, 0x0000000800000000)
  region size 2048K, 1 young (2048K), 1 survivors (2048K)
 Metaspace       used 25569K, capacity 26331K, committed 26496K, reserved 1073152K
  class space    used 3078K, capacity 3345K, committed 3456K, reserved 1048576K
}
Event: 51.989 GC heap before
{Heap before GC invocations=5 (full 0):
 garbage-first heap   total 49152K, used 28695K [0x0000000604800000, 0x0000000800000000)
  region size 2048K, 10 young (20480K), 1 survivors (2048K)
 Metaspace       used 25888K, capacity 26622K, committed 26752K, reserved 1073152K
  class space    used 3102K, capacity 3354K, committed 3456K, reserved 1048576K
}
Event: 51.991 GC heap after
{Heap after GC invocations=6 (full 0):
 garbage-first heap   total 49152K, used 12322K [0x0000000604800000, 0x0000000800000000)
  region size 2048K, 1 young (2048K), 1 survivors (2048K)
 Metaspace       used 25888K, capacity 26622K, committed 26752K, reserved 1073152K
  class space    used 3102K, capacity 3354K, committed 3456K, reserved 1048576K
}
Event: 94.704 GC heap before
{Heap before GC invocations=6 (full 0):
 garbage-first heap   total 49152K, used 30754K [0x0000000604800000, 0x0000000800000000)
  region size 2048K, 11 young (22528K), 1 survivors (2048K)
 Metaspace       used 26108K, capacity 26802K, committed 27008K, reserved 1073152K
  class space    used 3121K, capacity 3392K, committed 3456K, reserved 1048576K
}
Event: 94.706 GC heap after
{Heap after GC invocations=7 (full 0):
 garbage-first heap   total 49152K, used 12433K [0x0000000604800000, 0x0000000800000000)
  region size 2048K, 1 young (2048K), 1 survivors (2048K)
 Metaspace       used 26108K, capacity 26802K, committed 27008K, reserved 1073152K
  class space    used 3121K, capacity 3392K, committed 3456K, reserved 1048576K
}
Event: 119.096 GC heap before
{Heap before GC invocations=7 (full 0):
 garbage-first heap   total 49152K, used 30865K [0x0000000604800000, 0x0000000800000000)
  region size 2048K, 11 young (22528K), 1 survivors (2048K)
 Metaspace       used 26485K, capacity 27263K, committed 27520K, reserved 1073152K
  class space    used 3158K, capacity 3433K, committed 3456K, reserved 1048576K
}
Event: 119.099 GC heap after
{Heap after GC invocations=8 (full 0):
 garbage-first heap   total 49152K, used 12641K [0x0000000604800000, 0x0000000800000000)
  region size 2048K, 1 young (2048K), 1 survivors (2048K)
 Metaspace       used 26485K, capacity 27263K, committed 27520K, reserved 1073152K
  class space    used 3158K, capacity 3433K, committed 3456K, reserved 1048576K
}

Deoptimization events (20 events):
Event: 123.717 Thread 0x000001fd89908000 DEOPT PACKING pc=0x000001fd92b9d2e4 sp=0x00000039d6bfc330
Event: 123.717 Thread 0x000001fd89908000 DEOPT UNPACKING pc=0x000001fd920d964e sp=0x00000039d6bfb880 mode 1
Event: 123.717 Thread 0x000001fd89908000 DEOPT PACKING pc=0x000001fd92b6611c sp=0x00000039d6bfc440
Event: 123.717 Thread 0x000001fd89908000 DEOPT UNPACKING pc=0x000001fd920d964e sp=0x00000039d6bfb9b0 mode 1
Event: 123.717 Thread 0x000001fd89908000 DEOPT PACKING pc=0x000001fd92b9d2e4 sp=0x00000039d6bfc2b0
Event: 123.717 Thread 0x000001fd89908000 DEOPT UNPACKING pc=0x000001fd920d964e sp=0x00000039d6bfb800 mode 1
Event: 123.717 Thread 0x000001fd89908000 DEOPT PACKING pc=0x000001fd92b6611c sp=0x00000039d6bfc3c0
Event: 123.717 Thread 0x000001fd89908000 DEOPT UNPACKING pc=0x000001fd920d964e sp=0x00000039d6bfb930 mode 1
Event: 123.717 Thread 0x000001fd89908000 DEOPT PACKING pc=0x000001fd92b9d2e4 sp=0x00000039d6bfc230
Event: 123.717 Thread 0x000001fd89908000 DEOPT UNPACKING pc=0x000001fd920d964e sp=0x00000039d6bfb780 mode 1
Event: 123.717 Thread 0x000001fd89908000 DEOPT PACKING pc=0x000001fd92b6611c sp=0x00000039d6bfc340
Event: 123.717 Thread 0x000001fd89908000 DEOPT UNPACKING pc=0x000001fd920d964e sp=0x00000039d6bfb8b0 mode 1
Event: 123.719 Thread 0x000001fd89908000 DEOPT PACKING pc=0x000001fd92c35804 sp=0x00000039d6bfb720
Event: 123.719 Thread 0x000001fd89908000 DEOPT UNPACKING pc=0x000001fd920d964e sp=0x00000039d6bfac30 mode 1
Event: 123.719 Thread 0x000001fd89908000 DEOPT PACKING pc=0x000001fd92c9cf54 sp=0x00000039d6bfb8e0
Event: 123.719 Thread 0x000001fd89908000 DEOPT UNPACKING pc=0x000001fd920d964e sp=0x00000039d6bfae28 mode 1
Event: 123.719 Thread 0x000001fd89908000 DEOPT PACKING pc=0x000001fd92c9c204 sp=0x00000039d6bfba00
Event: 123.719 Thread 0x000001fd89908000 DEOPT UNPACKING pc=0x000001fd920d964e sp=0x00000039d6bfaea8 mode 1
Event: 123.719 Thread 0x000001fd89908000 DEOPT PACKING pc=0x000001fd92c9be14 sp=0x00000039d6bfba60
Event: 123.719 Thread 0x000001fd89908000 DEOPT UNPACKING pc=0x000001fd920d964e sp=0x00000039d6bfaf28 mode 1

Classes unloaded (0 events):
No events

Classes redefined (5 events):
Event: 207.159 Thread 0x000001fdb686e800 redefined class name=com.kp.apps.web.nuvolo.ct.assetManagement.WorkOrder.NewWorkOrder_Page, count=1
Event: 296.836 Thread 0x000001fdb686e800 redefined class name=com.kp.apps.web.nuvolo.ct.assetManagement.WorkOrder.NewWorkOrder_Page, count=2
Event: 327.350 Thread 0x000001fdb686e800 redefined class name=com.kp.apps.web.nuvolo.ct.assetManagement.WorkOrder.NewWorkOrder_Page, count=3
Event: 334.338 Thread 0x000001fdb686e800 redefined class name=com.kp.apps.web.nuvolo.ct.assetManagement.WorkOrder.NewWorkOrder_Page, count=4
Event: 343.511 Thread 0x000001fdb686e800 redefined class name=com.kp.apps.web.nuvolo.ct.assetManagement.WorkOrder.NewWorkOrder_Page, count=5

Internal exceptions (20 events):
Event: 2.775 Thread 0x000001fd89908000 Exception <a 'java/lang/NoSuchMethodError'{0x0000000606c56a08}: 'long java.lang.invoke.DirectMethodHandle$Holder.invokeVirtual(java.lang.Object, java.lang.Object)'> (0x0000000606c56a08) 
thrown [./open/src/hotspot/share/interpreter/linkResolver.cpp, line 766]
Event: 2.799 Thread 0x000001fd89908000 Exception <a 'java/lang/NoSuchMethodError'{0x0000000606a86920}: 'void java.lang.invoke.DirectMethodHandle$Holder.invokeSpecial(java.lang.Object, java.lang.Object, java.lang.Object, java.lang.Object, java.lang.Object)'> (0x0000000606a86920) 
thrown [./open/src/hotspot/share/interpreter/linkResolver.cpp, line 766]
Event: 2.828 Thread 0x000001fd89908000 Exception <a 'java/lang/NoSuchMethodError'{0x000000060689e8a0}: 'java.lang.Object java.lang.invoke.Invokers$Holder.invokeExact_MT(java.lang.Object, java.lang.Object, java.lang.Object, java.lang.Object, java.lang.Object, java.lang.Object)'> (0x000000060689e8a0) 
thrown [./open/src/hotspot/share/interpreter/linkResolver.cpp, line 766]
Event: 4.821 Thread 0x000001fd89908000 Exception <a 'java/lang/NoSuchMethodError'{0x00000006065e01a8}: 'java.lang.Object java.lang.invoke.DirectMethodHandle$Holder.invokeSpecialIFC(java.lang.Object, java.lang.Object, java.lang.Object)'> (0x00000006065e01a8) 
thrown [./open/src/hotspot/share/interpreter/linkResolver.cpp, line 766]
Event: 4.829 Thread 0x000001fd89908000 Exception <a 'java/lang/NoSuchMethodError'{0x00000006062643b0}: 'java.lang.Object java.lang.invoke.DirectMethodHandle$Holder.invokeStatic(java.lang.Object, int, java.lang.Object)'> (0x00000006062643b0) 
thrown [./open/src/hotspot/share/interpreter/linkResolver.cpp, line 766]
Event: 4.833 Thread 0x000001fd89908000 Exception <a 'java/lang/ClassNotFoundException'{0x0000000606292268}: sun/util/logging/resources/spi/loggingProvider> (0x0000000606292268) 
thrown [./open/src/hotspot/share/classfile/systemDictionary.cpp, line 226]
Event: 4.856 Thread 0x000001fd89908000 Exception <a 'java/lang/IncompatibleClassChangeError'{0x0000000606377ff0}: Found class java.lang.Object, but interface was expected> (0x0000000606377ff0) 
thrown [./open/src/hotspot/share/interpreter/linkResolver.cpp, line 832]
Event: 4.856 Thread 0x000001fd89908000 Exception <a 'java/lang/IncompatibleClassChangeError'{0x000000060637ae70}: Found class java.lang.Object, but interface was expected> (0x000000060637ae70) 
thrown [./open/src/hotspot/share/interpreter/linkResolver.cpp, line 832]
Event: 4.856 Thread 0x000001fd89908000 Exception <a 'java/lang/IncompatibleClassChangeError'{0x000000060637dd18}: Found class java.lang.Object, but interface was expected> (0x000000060637dd18) 
thrown [./open/src/hotspot/share/interpreter/linkResolver.cpp, line 832]
Event: 4.857 Thread 0x000001fd89908000 Exception <a 'sun/nio/fs/WindowsException'{0x0000000606380d78}> (0x0000000606380d78) 
thrown [./open/src/hotspot/share/prims/jni.cpp, line 599]
Event: 4.914 Thread 0x000001fd89908000 Exception <a 'java/lang/IncompatibleClassChangeError'{0x0000000605fa0268}: Found class java.lang.Object, but interface was expected> (0x0000000605fa0268) 
thrown [./open/src/hotspot/share/interpreter/linkResolver.cpp, line 832]
Event: 4.935 Thread 0x000001fd89908000 Exception <a 'java/lang/NoSuchMethodError'{0x0000000605c0bc08}: 'java.lang.Object java.lang.invoke.DirectMethodHandle$Holder.invokeStaticInit(java.lang.Object, java.lang.Object, java.lang.Object)'> (0x0000000605c0bc08) 
thrown [./open/src/hotspot/share/interpreter/linkResolver.cpp, line 766]
Event: 4.966 Thread 0x000001fd89908000 Exception <a 'java/lang/IncompatibleClassChangeError'{0x0000000605d16a38}: Found class java.lang.Object, but interface was expected> (0x0000000605d16a38) 
thrown [./open/src/hotspot/share/interpreter/linkResolver.cpp, line 832]
Event: 4.966 Thread 0x000001fd89908000 Exception <a 'java/lang/IncompatibleClassChangeError'{0x0000000605d19990}: Found class java.lang.Object, but interface was expected> (0x0000000605d19990) 
thrown [./open/src/hotspot/share/interpreter/linkResolver.cpp, line 832]
Event: 4.966 Thread 0x000001fd89908000 Exception <a 'java/lang/IncompatibleClassChangeError'{0x0000000605d1c758}: Found class java.lang.Object, but interface was expected> (0x0000000605d1c758) 
thrown [./open/src/hotspot/share/interpreter/linkResolver.cpp, line 832]
Event: 4.967 Thread 0x000001fd89908000 Exception <a 'java/lang/IncompatibleClassChangeError'{0x0000000605d1f550}: Found class java.lang.Object, but interface was expected> (0x0000000605d1f550) 
thrown [./open/src/hotspot/share/interpreter/linkResolver.cpp, line 832]
Event: 4.968 Thread 0x000001fd89908000 Exception <a 'java/lang/IncompatibleClassChangeError'{0x0000000605d2c998}: Found class java.lang.Object, but interface was expected> (0x0000000605d2c998) 
thrown [./open/src/hotspot/share/interpreter/linkResolver.cpp, line 832]
Event: 51.998 Thread 0x000001fd89908000 Exception <a 'java/lang/NoSuchMethodError'{0x000000062421cf38}: 'java.lang.Object java.lang.invoke.DirectMethodHandle$Holder.invokeSpecialIFC(java.lang.Object, java.lang.Object)'> (0x000000062421cf38) 
thrown [./open/src/hotspot/share/interpreter/linkResolver.cpp, line 766]
Event: 51.999 Thread 0x000001fd89908000 Exception <a 'java/lang/NoSuchMethodError'{0x0000000624222c80}: 'void java.lang.invoke.DirectMethodHandle$Holder.invokeSpecial(java.lang.Object, java.lang.Object, int)'> (0x0000000624222c80) 
thrown [./open/src/hotspot/share/interpreter/linkResolver.cpp, line 766]
Event: 343.733 Thread 0x000001fdb73f5800 Exception <a 'java/lang/LinkageError'{0x0000000621e6f268}> (0x0000000621e6f268) 
thrown [./open/src/hotspot/share/oops/generateOopMap.cpp, line 2140]

Events (20 events):
Event: 343.507 Executing VM operation: RedefineClasses
Event: 343.518 Executing VM operation: RedefineClasses done
Event: 343.532 Executing VM operation: ChangeBreakpoints
Event: 343.533 Executing VM operation: ChangeBreakpoints done
Event: 343.539 Executing VM operation: ChangeBreakpoints
Event: 343.540 Executing VM operation: ChangeBreakpoints done
Event: 343.551 Executing VM operation: ChangeBreakpoints
Event: 343.556 Executing VM operation: ChangeBreakpoints done
Event: 343.559 Executing VM operation: GetFrameCount
Event: 343.559 Executing VM operation: GetFrameCount done
Event: 343.559 Executing VM operation: GetStackTrace
Event: 343.559 Executing VM operation: GetStackTrace done
Event: 343.682 Executing VM operation: GetFrameCount
Event: 343.683 Executing VM operation: GetFrameCount done
Event: 343.683 Executing VM operation: GetOwnedMonitorInfo
Event: 343.683 Executing VM operation: GetOwnedMonitorInfo done
Event: 343.683 Executing VM operation: GetCurrentContendedMonitor
Event: 343.683 Executing VM operation: GetCurrentContendedMonitor done
Event: 343.732 Executing VM operation: GetFrameLocation
Event: 343.733 Executing VM operation: GetFrameLocation done


Dynamic libraries:
0x00007ff6e6030000 - 0x00007ff6e603f000 	C:\Users\O579347\Downloads\jdk-14.0.1_windows-x64_bin\jdk-14.0.1\bin\javaw.exe
0x00007ffc35800000 - 0x00007ffc359e1000 	C:\windows\SYSTEM32\ntdll.dll
0x00007ffc35660000 - 0x00007ffc35711000 	C:\windows\System32\KERNEL32.DLL
0x00007ffc32900000 - 0x00007ffc32b73000 	C:\windows\System32\KERNELBASE.dll
0x00007ffc32b80000 - 0x00007ffc32c78000 	C:\windows\System32\ucrtbase.dll
0x00007ffc14260000 - 0x00007ffc14275000 	C:\Users\O579347\Downloads\jdk-14.0.1_windows-x64_bin\jdk-14.0.1\bin\VCRUNTIME140.dll
0x00007ffc144b0000 - 0x00007ffc144c8000 	C:\Users\O579347\Downloads\jdk-14.0.1_windows-x64_bin\jdk-14.0.1\bin\jli.dll
0x00007ffc32c80000 - 0x00007ffc32d21000 	C:\windows\System32\ADVAPI32.dll
0x00007ffc355c0000 - 0x00007ffc3565e000 	C:\windows\System32\msvcrt.dll
0x00007ffc341a0000 - 0x00007ffc341fb000 	C:\windows\System32\sechost.dll
0x00007ffc34650000 - 0x00007ffc34774000 	C:\windows\System32\RPCRT4.dll
0x00007ffc34430000 - 0x00007ffc345c1000 	C:\windows\System32\USER32.dll
0x00007ffc328e0000 - 0x00007ffc32900000 	C:\windows\System32\win32u.dll
0x00007ffc34980000 - 0x00007ffc349a8000 	C:\windows\System32\GDI32.dll
0x00007ffc326f0000 - 0x00007ffc32883000 	C:\windows\System32\gdi32full.dll
0x00007ffc186f0000 - 0x00007ffc18959000 	C:\windows\WinSxS\amd64_microsoft.windows.common-controls_6595b64144ccf1df_6.0.17134.1667_none_d401a3137c8ebfd0\COMCTL32.dll
0x00007ffc31bb0000 - 0x00007ffc31c4f000 	C:\windows\System32\msvcp_win.dll
0x00007ffc349b0000 - 0x00007ffc34cd0000 	C:\windows\System32\combase.dll
0x00007ffc31c50000 - 0x00007ffc31cc9000 	C:\windows\System32\bcryptPrimitives.dll
0x00007ffc2c520000 - 0x00007ffc2c52a000 	C:\windows\SYSTEM32\VERSION.dll
0x00007ffc34780000 - 0x00007ffc347ad000 	C:\windows\System32\IMM32.DLL
0x000000006d670000 - 0x000000006d697000 	C:\Program Files\Cylance\Desktop\CyMemDef64.dll
0x00007ffbce540000 - 0x00007ffbce5db000 	C:\Users\O579347\Downloads\jdk-14.0.1_windows-x64_bin\jdk-14.0.1\bin\msvcp140.dll
0x00007ffbb8bb0000 - 0x00007ffbb96ce000 	C:\Users\O579347\Downloads\jdk-14.0.1_windows-x64_bin\jdk-14.0.1\bin\server\jvm.dll
0x00007ffc345d0000 - 0x00007ffc345d8000 	C:\windows\System32\PSAPI.DLL
0x00007ffc21c40000 - 0x00007ffc21c49000 	C:\windows\SYSTEM32\WSOCK32.dll
0x00007ffc347b0000 - 0x00007ffc3481c000 	C:\windows\System32\WS2_32.dll
0x00007ffc26d20000 - 0x00007ffc26d43000 	C:\windows\SYSTEM32\WINMM.dll
0x00007ffc26c90000 - 0x00007ffc26cba000 	C:\windows\SYSTEM32\WINMMBASE.dll
0x00007ffc32890000 - 0x00007ffc328d9000 	C:\windows\System32\cfgmgr32.dll
0x00007ffc31b20000 - 0x00007ffc31b31000 	C:\windows\System32\kernel.appcore.dll
0x00007ffc251e0000 - 0x00007ffc251ea000 	C:\Users\O579347\Downloads\jdk-14.0.1_windows-x64_bin\jdk-14.0.1\bin\jimage.dll
0x00007ffc30400000 - 0x00007ffc305c9000 	C:\windows\SYSTEM32\DBGHELP.DLL
0x00007ffc29a10000 - 0x00007ffc29a39000 	C:\windows\SYSTEM32\dbgcore.DLL
0x00007ffc20d70000 - 0x00007ffc20da8000 	C:\Users\O579347\Downloads\jdk-14.0.1_windows-x64_bin\jdk-14.0.1\bin\jdwp.dll
0x00007ffc129e0000 - 0x00007ffc12a05000 	C:\Users\O579347\Downloads\jdk-14.0.1_windows-x64_bin\jdk-14.0.1\bin\java.dll
0x00007ffc12b50000 - 0x00007ffc12b66000 	C:\Users\O579347\Downloads\jdk-14.0.1_windows-x64_bin\jdk-14.0.1\bin\zip.dll
0x00007ffc32d50000 - 0x00007ffc34195000 	C:\windows\System32\SHELL32.dll
0x00007ffc35720000 - 0x00007ffc357c9000 	C:\windows\System32\shcore.dll
0x00007ffc31d30000 - 0x00007ffc32445000 	C:\windows\System32\windows.storage.dll
0x00007ffc34200000 - 0x00007ffc34251000 	C:\windows\System32\shlwapi.dll
0x00007ffc31b00000 - 0x00007ffc31b1f000 	C:\windows\System32\profapi.dll
0x00007ffc31b60000 - 0x00007ffc31bac000 	C:\windows\System32\powrprof.dll
0x00007ffc31af0000 - 0x00007ffc31afa000 	C:\windows\System32\FLTLIB.DLL
0x00007ffc28680000 - 0x00007ffc2868b000 	C:\Users\O579347\Downloads\jdk-14.0.1_windows-x64_bin\jdk-14.0.1\bin\dt_socket.dll
0x00007ffc310c0000 - 0x00007ffc310f8000 	C:\windows\SYSTEM32\IPHLPAPI.DLL
0x00007ffc31370000 - 0x00007ffc313d6000 	C:\windows\system32\mswsock.dll
0x00007ffc31100000 - 0x00007ffc311bf000 	C:\windows\SYSTEM32\DNSAPI.dll
0x00007ffc345e0000 - 0x00007ffc345e8000 	C:\windows\System32\NSI.dll
0x00007ffc189c0000 - 0x00007ffc189e1000 	C:\windows\FireEye\NamespaceToEvents_01.dll
0x00007ffc2c0d0000 - 0x00007ffc2c0da000 	C:\Windows\System32\rasadhlp.dll
0x00007ffc2eb70000 - 0x00007ffc2ebe2000 	C:\windows\System32\fwpuclnt.dll
0x00007ffc31650000 - 0x00007ffc31675000 	C:\windows\SYSTEM32\bcrypt.dll
0x00007ffbf7b00000 - 0x00007ffbf7b19000 	C:\Users\O579347\Downloads\jdk-14.0.1_windows-x64_bin\jdk-14.0.1\bin\net.dll
0x00007ffc2da30000 - 0x00007ffc2db0d000 	C:\windows\SYSTEM32\WINHTTP.dll
0x00007ffbf57e0000 - 0x00007ffbf57f2000 	C:\Users\O579347\Downloads\jdk-14.0.1_windows-x64_bin\jdk-14.0.1\bin\nio.dll
0x00007ffc1d8b0000 - 0x00007ffc1d8be000 	C:\Users\O579347\Downloads\jdk-14.0.1_windows-x64_bin\jdk-14.0.1\bin\sunmscapi.dll
0x00007ffc32500000 - 0x00007ffc326e2000 	C:\windows\System32\CRYPT32.dll
0x00007ffc31b40000 - 0x00007ffc31b52000 	C:\windows\System32\MSASN1.dll
0x00007ffc31620000 - 0x00007ffc31646000 	C:\windows\SYSTEM32\ncrypt.dll
0x00007ffc315e0000 - 0x00007ffc31616000 	C:\windows\SYSTEM32\NTASN1.dll
0x00007ffbef420000 - 0x00007ffbef445000 	C:\Users\O579347\Downloads\jdk-14.0.1_windows-x64_bin\jdk-14.0.1\bin\sunec.dll
0x00007ffc31520000 - 0x00007ffc31537000 	C:\windows\SYSTEM32\CRYPTSP.dll
0x00007ffc30f20000 - 0x00007ffc30f53000 	C:\windows\system32\rsaenh.dll
0x00007ffc31a20000 - 0x00007ffc31a48000 	C:\windows\SYSTEM32\USERENV.dll
0x00007ffc31540000 - 0x00007ffc3154b000 	C:\windows\SYSTEM32\CRYPTBASE.dll
0x00007ffc301b0000 - 0x00007ffc301c6000 	C:\windows\SYSTEM32\dhcpcsvc6.DLL
0x00007ffc30190000 - 0x00007ffc301aa000 	C:\windows\SYSTEM32\dhcpcsvc.DLL
0x00007ffc21580000 - 0x00007ffc21590000 	C:\Users\O579347\Downloads\jdk-14.0.1_windows-x64_bin\jdk-14.0.1\bin\verify.dll
0x00007ffc20b70000 - 0x00007ffc20bb2000 	C:\Users\O579347\AppData\Local\Temp\jna--1331765810\jna9057921454475398379.dll
0x00007ffc2c4b0000 - 0x00007ffc2c4bc000 	C:\windows\SYSTEM32\Secur32.dll
0x00007ffc319f0000 - 0x00007ffc31a20000 	C:\windows\SYSTEM32\SSPICLI.DLL
0x00007ffc16080000 - 0x00007ffc16096000 	C:\windows\system32\napinsp.dll
0x00007ffc14c80000 - 0x00007ffc14c9a000 	C:\windows\system32\pnrpnsp.dll
0x00007ffc2a300000 - 0x00007ffc2a319000 	C:\windows\system32\NLAapi.dll
0x00007ffc16810000 - 0x00007ffc1681e000 	C:\windows\System32\winrnr.dll
0x00007ffc25210000 - 0x00007ffc25219000 	C:\Users\O579347\Downloads\jdk-14.0.1_windows-x64_bin\jdk-14.0.1\bin\management.dll
0x00007ffc1d910000 - 0x00007ffc1d91b000 	C:\Users\O579347\Downloads\jdk-14.0.1_windows-x64_bin\jdk-14.0.1\bin\management_ext.dll

dbghelp: loaded successfully - version: 4.0.5 - missing functions: none
symbol engine: initialized successfully - sym options: 0x614 - pdb path: .;C:\Users\O579347\Downloads\jdk-14.0.1_windows-x64_bin\jdk-14.0.1\bin;C:\windows\SYSTEM32;C:\windows\WinSxS\amd64_microsoft.windows.common-controls_6595b64144ccf1df_6.0.17134.1667_none_d401a3137c8ebfd0;C:\Program Files\Cylance\Desktop;C:\Users\O579347\Downloads\jdk-14.0.1_windows-x64_bin\jdk-14.0.1\bin\server;C:\windows\FireEye;C:\Users\O579347\AppData\Local\Temp\jna--1331765810

VM Arguments:
jvm_args: -agentlib:jdwp=transport=dt_socket,suspend=y,address=localhost:59137 -ea -Dfile.encoding=Cp1252 
java_command: org.testng.remote.RemoteTestNG -serport 59130 -protocol json -d C:\Users\O579347\EAMMAutomation\testing-automation\eam_Selenium\test-output C:\Users\O579347\AppData\Local\Temp\testng-eclipse-444472128\testng-customsuite.xml
java_class_path (initial): C:\Users\O579347\Downloads\eclipse-jee-2020-06-R-win32-x86_64\eclipse\configuration\org.eclipse.osgi\956\0\.cp\lib\testng-remote.jar;C:\Users\O579347\EAMMAutomation\testing-automation\eam_Selenium\target\test-classes;C:\Users\O579347\EAMMAutomation\testing-automation\eam_Selenium\target\classes;C:\Users\O579347\.m2\repository\javax\inject\javax.inject\1\javax.inject-1.jar;C:\Users\O579347\.m2\repository\javax\servlet\javax.servlet-api\3.1.0\javax.servlet-api-3.1.0.jar;C:\Users\O579347\.m2\repository\javax\mail\mail\1.4.3\mail-1.4.3.jar;C:\Users\O579347\.m2\repository\javax\activation\activation\1.1\activation-1.1.jar;C:\Users\O579347\.m2\repository\net\java\dev\jna\jna-platform\4.5.0\jna-platform-4.5.0.jar;C:\Users\O579347\.m2\repository\net\java\dev\jna\jna\4.5.0\jna-4.5.0.jar;C:\Users\O579347\.m2\repository\net\sourceforge\jexcelapi\jxl\2.6.12\jxl-2.6.12.jar;C:\Users\O579347\.m2\repository\log4j\log4j\1.2.17\log4j-1.2.17.jar;C:\Users\O579347\.m2\repository\org\uncommons\reportng\1.1.4\reportng-1.1.4.jar;C:\Users\O579347\.m2\repository\org\testng\testng\6.10\testng-6.10.jar;C:\Users\O579347\.m2\repository\com\beust\jcommander\1.72\jcommander-1.72.jar;C:\Users\O579347\.m2\repository\aopalliance\aopalliance\1.0\aopalliance-1.0.jar;C:\Users\O579347\.m2\repository\com\google\guava\guava\25.0-jre\guava-25.0-jre.jar;C:\Users\O579347\.m2\repository\org\yaml\snakeyaml\1.19\snakeyaml-1.19.jar;C:\Users\O579347\.m2\repository\velocity\velocity\1.4\velocity-1.4.jar;C:\Users\O579347\.m2\repository\velocity\velocity-dep\1.4\velocity-dep-1.4.jar;C:\Users\O579347\.m2\repository\org\seleniumhq\selenium\selenium-java\3.141.59\selenium-java-3.141.59.jar;C:\Users\O579347\.m2\repository\org\seleniumhq\selenium\selenium-api\3.141.59\selenium-api-3.141.59.jar;C:\Users\O579347\.m2\repository\org\seleniumhq\selenium\selenium-chrome-driver\3.141.59\selenium-chrome-driver-3.141.59.jar;C:\Users\O579347\.m2\repository\org\seleniumhq\selenium\selenium-remote-driver\
Launcher Type: SUN_STANDARD

[Global flags]
     intx CICompilerCount                          = 4                                         {product} {ergonomic}
     uint ConcGCThreads                            = 3                                         {product} {ergonomic}
     uint G1ConcRefinementThreads                  = 10                                        {product} {ergonomic}
   size_t G1HeapRegionSize                         = 2097152                                   {product} {ergonomic}
    uintx GCDrainStackTargetSize                   = 64                                        {product} {ergonomic}
   size_t InitialHeapSize                          = 532676608                                 {product} {ergonomic}
   size_t MarkStackSize                            = 4194304                                   {product} {ergonomic}
   size_t MaxHeapSize                              = 8514437120                                {product} {ergonomic}
   size_t MaxNewSize                               = 5108662272                                {product} {ergonomic}
   size_t MinHeapDeltaBytes                        = 2097152                                   {product} {ergonomic}
   size_t MinHeapSize                              = 8388608                                   {product} {ergonomic}
    uintx NonNMethodCodeHeapSize                   = 5839372                                {pd product} {ergonomic}
    uintx NonProfiledCodeHeapSize                  = 122909434                              {pd product} {ergonomic}
    uintx ProfiledCodeHeapSize                     = 122909434                              {pd product} {ergonomic}
    uintx ReservedCodeCacheSize                    = 251658240                              {pd product} {ergonomic}
     bool SegmentedCodeCache                       = true                                      {product} {ergonomic}
   size_t SoftMaxHeapSize                          = 8514437120                             {manageable} {ergonomic}
     bool UseCompressedClassPointers               = true                                 {lp64_product} {ergonomic}
     bool UseCompressedOops                        = true                                 {lp64_product} {ergonomic}
     bool UseG1GC                                  = true                                      {product} {ergonomic}
     bool UseLargePagesIndividualAllocation        = false                                  {pd product} {ergonomic}

Logging:
Log output configuration:
 #0: stdout all=warning uptime,level,tags
 #1: stderr all=off uptime,level,tags

Environment Variables:
PATH=C:\Program Files (x86)\Common Files\Oracle\Java\javapath;C:\Program Files (x86)\Python36-32\Scripts\;C:\Program Files (x86)\Python36-32\;C:\windows\system32;C:\windows;C:\windows\System32\Wbem;C:\windows\System32\WindowsPowerShell\v1.0\;C:\windows\System32\OpenSSH\;C:\Program Files (x86)\CheckPoint\Endpoint Security\Endpoint Common\bin;C:\Program Files (x86)\Microsoft SQL Server\Client SDK\ODBC\130\Tools\Binn\;C:\Program Files (x86)\Microsoft SQL Server\140\Tools\Binn\;C:\Program Files (x86)\Microsoft SQL Server\140\DTS\Binn\;C:\Program Files (x86)\Microsoft SQL Server\140\Tools\Binn\ManagementStudio\;C:\Program Files\dotnet\;C:\Program Files\Microsoft SQL Server\130\Tools\Binn\;C:\Program Files (x86)\Microsoft SQL Server\110\DTS\Binn\;C:\Program Files (x86)\Microsoft SQL Server\120\DTS\Binn\;C:\Program Files (x86)\Microsoft SQL Server\130\DTS\Binn\;C:\Program Files (x86)\Microsoft SQL Server\150\DTS\Binn\;C:\Program Files (x86)\Python36-32\Scripts\;C:\Program Files (x86)\Python36-32\;C:\windows\system32;C:\windows;C:\windows\System32\Wbem;C:\windows\System32\WindowsPowerShell\v1.0\;C:\windows\System32\OpenSSH\;C:\Program Files (x86)\CheckPoint\Endpoint Security\Endpoint Common\bin;C:\Program Files (x86)\Microsoft SQL Server\Client SDK\ODBC\130\Tools\Binn\;C:\Program Files (x86)\Microsoft SQL Server\140\Tools\Binn\;C:\Program Files (x86)\Microsoft SQL Server\140\DTS\Binn\;C:\Program Files (x86)\Microsoft SQL Server\140\Tools\Binn\ManagementStudio\;C:\Program Files\dotnet\;C:\Program Files\Microsoft SQL Server\130\Tools\Binn\;C:\Program Files (x86)\Microsoft SQL Server\110\DTS\Binn\;C:\Program Files (x86)\Microsoft SQL Server\120\DTS\Binn\;C:\Program Files (x86)\Microsoft SQL Server\130\DTS\Binn\;C:\Program Files (x86)\Microsoft SQL Server\150\DTS\Binn\;C:\Users\O579347\AppData\Local\Microsoft\WindowsApps;C:\Program Files (x86)\Java\jdk1.8.0_162\bin;C:\Users\O579347\AppData\Local\Programs\Git\cmd;C:\Users\O579347\Downloads\apache-maven-3.6.3-bin\apache-maven-3.6.3\
USERNAME=O579347
OS=Windows_NT
PROCESSOR_IDENTIFIER=Intel64 Family 6 Model 158 Stepping 10, GenuineIntel



---------------  S Y S T E M  ---------------

OS: Windows 10 , 64 bit Build 17134 (10.0.17134.1425)
OS uptime: 10 days 9:41 hours

CPU:total 12 (initial active 12) (6 cores per cpu, 2 threads per core) family 6 model 158 stepping 10, cmov, cx8, fxsr, mmx, sse, sse2, sse3, ssse3, sse4.1, sse4.2, popcnt, avx, avx2, aes, clmul, erms, rtm, 3dnowpref, lzcnt, ht, tsc, tscinvbit, bmi1, bmi2, adx, fma

Memory: 4k page, system-wide physical 32477M (11737M free)
TotalPageFile size 42205M (AvailPageFile size 15111M)
current process WorkingSet (physical memory assigned to process): 133M, peak: 154M
current process commit charge ("private bytes"): 186M, peak: 680M

vm_info: Java HotSpot(TM) 64-Bit Server VM (14.0.1+7) for windows-amd64 JRE (14.0.1+7), built on Mar  5 2020 10:30:14 by "mach5one" with MS VC++ 15.9 (VS2017)

END.
