#
# A fatal error has been detected by the Java Runtime Environment:
#
#  EXCEPTION_ACCESS_VIOLATION (0xc0000005) at pc=0x00007ff931e9ef0c, pid=524252, tid=533920
#
# JRE version: Java(TM) SE Runtime Environment (14.0.1+7) (build 14.0.1+7)
# Java VM: Java HotSpot(TM) 64-Bit Server VM (14.0.1+7, mixed mode, sharing, tiered, compressed oops, g1 gc, windows-amd64)
# Problematic frame:
# V  [jvm.dll+0x2eef0c]
#
# No core dump will be written. Minidumps are not enabled by default on client versions of Windows
#
# If you would like to submit a bug report, please visit:
#   https://bugreport.java.com/bugreport/crash.jsp
#

---------------  S U M M A R Y ------------

Command Line: -agentlib:jdwp=transport=dt_socket,suspend=y,address=localhost:63688 -ea -Dfile.encoding=Cp1252 org.testng.remote.RemoteTestNG -serport 63685 -protocol json -d C:\Users\O579347\EAMMAutomation\testing-automation\eam_Selenium\test-output C:\Users\O579347\AppData\Local\Temp\testng-eclipse-374582212\testng-customsuite.xml

Host: Intel(R) Core(TM) i7-8850H CPU @ 2.60GHz, 12 cores, 31G,  Windows 10 , 64 bit Build 17134 (10.0.17134.1425)
Time: Wed Jul  8 14:03:41 2020 Pacific Daylight Time elapsed time: 725 seconds (0d 0h 12m 5s)

---------------  T H R E A D  ---------------

Current thread (0x0000026c24f3f000):  JavaThread "JDWP Transport Listener: dt_socket" daemon [_thread_in_vm, id=533920, stack(0x0000008a8e900000,0x0000008a8ea00000)] _threads_hazard_ptr=0x0000026c26e3efb0

Stack: [0x0000008a8e900000,0x0000008a8ea00000],  sp=0x0000008a8e9fef90,  free space=1019k
Native frames: (J=compiled Java code, j=interpreted, Vv=VM code, C=native code)
V  [jvm.dll+0x2eef0c]
V  [jvm.dll+0x2f0fcd]
V  [jvm.dll+0x2f190e]
V  [jvm.dll+0x2ef1ac]
V  [jvm.dll+0x2ee3e2]
V  [jvm.dll+0x5e7525]
V  [jvm.dll+0x5e72ad]
V  [jvm.dll+0x5af2b3]
V  [jvm.dll+0x7394bf]
V  [jvm.dll+0x4bee71]
V  [jvm.dll+0x748a5b]
V  [jvm.dll+0x4a54fe]
V  [jvm.dll+0x46ee8b]
C  [jdwp.dll+0x751f]


siginfo: EXCEPTION_ACCESS_VIOLATION (0xc0000005), reading address 0x0000028100000012


Register to memory mapping:

RIP=0x00007ff931e9ef0c jvm.dll
RAX=0x000002810000000c is an unknown value
RBX=0x0000008a8e9ff240 is pointing into the stack for thread: 0x0000026c24f3f000
RCX=0x00000000000026b1 is an unknown value
RDX=0x0000000000000021 is an unknown value
RSP=0x0000008a8e9fef90 is pointing into the stack for thread: 0x0000026c24f3f000
RBP=0x0 is NULL
RSI=0x0000000000000001 is an unknown value
RDI=0x00007ff9325efe88 jvm.dll
R8 =0x0 is NULL
R9 =0x0000026c27730ab8 is pointing into metadata
R10=0x0 is NULL
R11=0x0000000047000000 is an unknown value
R12=0x0000026c25e3edd0 points into unknown readable memory: 00 cb 9f 04 00 00 00 00
R13=0x0 is NULL
R14=0x0000026c27731a55 is pointing into metadata
R15=0x00000000000000da is an unknown value


Registers:
RAX=0x000002810000000c, RBX=0x0000008a8e9ff240, RCX=0x00000000000026b1, RDX=0x0000000000000021
RSP=0x0000008a8e9fef90, RBP=0x0000000000000000, RSI=0x0000000000000001, RDI=0x00007ff9325efe88
R8 =0x0000000000000000, R9 =0x0000026c27730ab8, R10=0x0000000000000000, R11=0x0000000047000000
R12=0x0000026c25e3edd0, R13=0x0000000000000000, R14=0x0000026c27731a55, R15=0x00000000000000da
RIP=0x00007ff931e9ef0c, EFLAGS=0x0000000000010206

Top of Stack: (sp=0x0000008a8e9fef90)
0x0000008a8e9fef90:   0000008a8e9ff240 00007ff931ea2c53
0x0000008a8e9fefa0:   0000008a8e9ff240 00007ff9a044f2f1
0x0000008a8e9fefb0:   0000026c27731c90 00007ff931db3b5d
0x0000008a8e9fefc0:   0000000046000099 00007ff931db471d
0x0000008a8e9fefd0:   0000cd89eda86279 0000008a8e9ff240
0x0000008a8e9fefe0:   0000026c27731a55 0000008a8e9ff0a0
0x0000008a8e9feff0:   0000008a8e9ff240 00007ff931ea0fcd
0x0000008a8e9ff000:   0000026c27731a54 000000000000009d
0x0000008a8e9ff010:   0000008a8e9ff0d0 00007ff931e9ee30
0x0000008a8e9ff020:   000000000000009d 0000008a8e9ff240
0x0000008a8e9ff030:   0000000046000099 0000026c24f3f000
0x0000008a8e9ff040:   00000000000000da 0000026c27731a55
0x0000008a8e9ff050:   0000000000000000 0000026c25e3edd0
0x0000008a8e9ff060:   00000000000000da 00000000000000cb
0x0000008a8e9ff070:   00000000000000b4 00007ff931ea190e
0x0000008a8e9ff080:   0000008a8e9ff240 0000008a8e9ff0d0 

Instructions: (pc=0x00007ff931e9ef0c)
0x00007ff931e9ee0c:   81 8b 75 58 41 81 e0 ff ff ff 00 41 81 c8 00 00
0x00007ff931e9ee1c:   00 47 48 8b cd 45 89 06 c7 45 58 01 00 00 00 e8
0x00007ff931e9ee2c:   20 3a 00 00 66 83 7c 24 68 00 41 89 1e 89 75 58
0x00007ff931e9ee3c:   74 40 8b 4c 24 70 49 ff c7 0f b7 c1 48 83 c7 08
0x00007ff931e9ee4c:   4c 3b f8 0f 8c 4b ff ff ff 83 7d 5c 00 74 23 48
0x00007ff931e9ee5c:   83 3d 2d 11 75 00 00 74 15 80 7d 42 00 74 0f 48
0x00007ff931e9ee6c:   8d 15 f6 6b 56 00 48 8b cd e8 76 44 00 00 c6 45
0x00007ff931e9ee7c:   42 00 4c 8b 74 24 28 4c 8b 6c 24 30 4c 8b 64 24
0x00007ff931e9ee8c:   38 48 8b 7c 24 40 48 8b 74 24 48 48 8b 5c 24 60
0x00007ff931e9ee9c:   4c 8b 7c 24 20 48 83 c4 50 5d c3 cc cc cc cc cc
0x00007ff931e9eeac:   cc cc cc cc 48 89 5c 24 10 48 89 6c 24 18 56 57
0x00007ff931e9eebc:   41 56 48 83 ec 50 48 8b 05 4f 49 70 00 48 33 c4
0x00007ff931e9eecc:   48 89 44 24 40 48 8b 41 08 48 8b d9 41 8b e8 8b
0x00007ff931e9eedc:   f2 45 33 c0 41 8b d1 48 8b 48 08 48 8b 79 08 48
0x00007ff931e9eeec:   8b cf e8 6d 77 f1 ff 8b d0 48 8b cf e8 b3 a0 f1
0x00007ff931e9eefc:   ff 48 63 c8 48 8b 44 cf 40 48 8d 3d 7c 0f 75 00
0x00007ff931e9ef0c:   0f b6 48 06 8b 05 6e 0f 75 00 80 f9 4c 74 2b 80
0x00007ff931e9ef1c:   f9 5b 74 26 80 f9 4a 74 18 80 f9 44 74 13 80 f9
0x00007ff931e9ef2c:   56 48 8d 15 64 0f 75 00 4c 8b d7 4c 0f 45 d2 eb
0x00007ff931e9ef3c:   29 4c 8d 15 84 0f 75 00 eb 20 8b 8c 24 90 00 00
0x00007ff931e9ef4c:   00 4c 8d 54 24 30 81 e1 ff ff ff 00 89 44 24 34
0x00007ff931e9ef5c:   81 c9 00 00 00 46 89 4c 24 30 45 33 c0 85 f6 74
0x00007ff931e9ef6c:   05 49 8b fa eb 2a 41 8b 0a 85 c9 74 23 49 8b d0
0x00007ff931e9ef7c:   4d 8b c8 90 42 89 4c 0c 20 48 8d 52 01 4c 8d 0c
0x00007ff931e9ef8c:   95 00 00 00 00 41 ff c0 43 8b 0c 11 85 c9 75 e4
0x00007ff931e9ef9c:   85 ed 75 10 8b 0d de 13 6d 00 49 63 d0 41 ff c0
0x00007ff931e9efac:   89 4c 94 20 49 63 c8 4c 8d 74 24 20 89 44 8c 20
0x00007ff931e9efbc:   8b 74 24 20 85 f6 74 4c 48 63 53 58 85 d2 7f 18
0x00007ff931e9efcc:   48 8d 15 4d 82 52 00 48 8b cb e8 15 4e 00 00 44
0x00007ff931e9efdc:   8b 05 ae 0e 75 00 eb 16 48 63 4b 20 8d 42 ff 89
0x00007ff931e9efec:   43 58 48 03 ca 48 8b 43 48 44 8b 44 88 fc 8b d6
0x00007ff931e9effc:   48 8b cb e8 1c f1 ff ff 41 8b 76 04 49 83 c6 04 


Stack slot to memory mapping:
stack at sp + 0 slots: 0x0000008a8e9ff240 is pointing into the stack for thread: 0x0000026c24f3f000
stack at sp + 1 slots: 0x00007ff931ea2c53 jvm.dll
stack at sp + 2 slots: 0x0000008a8e9ff240 is pointing into the stack for thread: 0x0000026c24f3f000
stack at sp + 3 slots: 0x00007ff9a044f2f1 KERNELBASE.dll
stack at sp + 4 slots: {method} {0x0000026c27731c98} 'CAM_NewWrkOrder_02' '()V' in 'com/kp/apps/web/nuvolo/ct/assetManagement/WorkOrderTests/NewWorkOrder_Tests$NewAsset_Tests'
stack at sp + 5 slots: 0x00007ff931db3b5d jvm.dll
stack at sp + 6 slots: 0x0000000046000099 is an unknown value
stack at sp + 7 slots: 0x00007ff931db471d jvm.dll


---------------  P R O C E S S  ---------------

Threads class SMR info:
_java_thread_list=0x0000026c26e3efb0, length=19, elements={
0x0000026c77371800, 0x0000026c24d99800, 0x0000026c24d9b000, 0x0000026c24db2000,
0x0000026c24db5000, 0x0000026c24db6000, 0x0000026c24db8000, 0x0000026c24dce000,
0x0000026c24def800, 0x0000026c24f3f000, 0x0000026c24f4c000, 0x0000026c24f57000,
0x0000026c24f58800, 0x0000026c24f5e000, 0x0000026c260da000, 0x0000026c26a08800,
0x0000026c26a15800, 0x0000026c26a8b800, 0x0000026c26d1e800
}

Java Threads: ( => current thread )
  0x0000026c77371800 JavaThread "main" [_thread_blocked, id=537156, stack(0x0000008a8d900000,0x0000008a8da00000)]
  0x0000026c24d99800 JavaThread "Reference Handler" daemon [_thread_blocked, id=537380, stack(0x0000008a8e000000,0x0000008a8e100000)]
  0x0000026c24d9b000 JavaThread "Finalizer" daemon [_thread_blocked, id=532216, stack(0x0000008a8e100000,0x0000008a8e200000)]
  0x0000026c24db2000 JavaThread "Signal Dispatcher" daemon [_thread_blocked, id=528868, stack(0x0000008a8e200000,0x0000008a8e300000)]
  0x0000026c24db5000 JavaThread "Attach Listener" daemon [_thread_blocked, id=534156, stack(0x0000008a8e300000,0x0000008a8e400000)]
  0x0000026c24db6000 JavaThread "Service Thread" daemon [_thread_blocked, id=513116, stack(0x0000008a8e400000,0x0000008a8e500000)]
  0x0000026c24db8000 JavaThread "C2 CompilerThread0" daemon [_thread_blocked, id=528408, stack(0x0000008a8e500000,0x0000008a8e600000)]
  0x0000026c24dce000 JavaThread "C1 CompilerThread0" daemon [_thread_blocked, id=515592, stack(0x0000008a8e600000,0x0000008a8e700000)]
  0x0000026c24def800 JavaThread "Sweeper thread" daemon [_thread_blocked, id=536900, stack(0x0000008a8e700000,0x0000008a8e800000)]
=>0x0000026c24f3f000 JavaThread "JDWP Transport Listener: dt_socket" daemon [_thread_in_vm, id=533920, stack(0x0000008a8e900000,0x0000008a8ea00000)]
  0x0000026c24f4c000 JavaThread "JDWP Event Helper Thread" daemon [_thread_blocked, id=538420, stack(0x0000008a8ea00000,0x0000008a8eb00000)]
  0x0000026c24f57000 JavaThread "JDWP Command Reader" daemon [_thread_in_native, id=523708, stack(0x0000008a8eb00000,0x0000008a8ec00000)]
  0x0000026c24f58800 JavaThread "Notification Thread" daemon [_thread_blocked, id=535676, stack(0x0000008a8ec00000,0x0000008a8ed00000)]
  0x0000026c24f5e000 JavaThread "Common-Cleaner" daemon [_thread_blocked, id=537552, stack(0x0000008a8ee00000,0x0000008a8ef00000)]
  0x0000026c260da000 JavaThread "ReaderThread" [_thread_in_native, id=459708, stack(0x0000008a8f100000,0x0000008a8f200000)]
  0x0000026c26a08800 JavaThread "Exec Default Executor" daemon [_thread_in_native, id=538232, stack(0x0000008a8fe00000,0x0000008a8ff00000)]
  0x0000026c26a15800 JavaThread "Exec Stream Pumper" daemon [_thread_in_native, id=516484, stack(0x0000008a90000000,0x0000008a90100000)]
  0x0000026c26a8b800 JavaThread "Exec Stream Pumper" daemon [_thread_in_native, id=529900, stack(0x0000008a90100000,0x0000008a90200000)]
  0x0000026c26d1e800 JavaThread "Okio Watchdog" daemon [_thread_blocked, id=532244, stack(0x0000008a90300000,0x0000008a90400000)]

Other Threads:
  0x0000026c24d91800 VMThread "VM Thread" [stack: 0x0000008a8df00000,0x0000008a8e000000] [id=406496]
  0x0000026c24f61800 WatcherThread [stack: 0x0000008a8ed00000,0x0000008a8ee00000] [id=509440]
  0x0000026c773f6800 GCTaskThread "GC Thread#0" [stack: 0x0000008a8da00000,0x0000008a8db00000] [id=528132]
  0x0000026c269b4800 GCTaskThread "GC Thread#1" [stack: 0x0000008a8f200000,0x0000008a8f300000] [id=519016]
  0x0000026c269b5000 GCTaskThread "GC Thread#2" [stack: 0x0000008a8f300000,0x0000008a8f400000] [id=521016]
  0x0000026c26b82800 GCTaskThread "GC Thread#3" [stack: 0x0000008a8f400000,0x0000008a8f500000] [id=536136]
  0x0000026c26b83000 GCTaskThread "GC Thread#4" [stack: 0x0000008a8f500000,0x0000008a8f600000] [id=537344]
  0x0000026c26b84000 GCTaskThread "GC Thread#5" [stack: 0x0000008a8f600000,0x0000008a8f700000] [id=455572]
  0x0000026c26b85000 GCTaskThread "GC Thread#6" [stack: 0x0000008a8f700000,0x0000008a8f800000] [id=530740]
  0x0000026c26b86800 GCTaskThread "GC Thread#7" [stack: 0x0000008a8f800000,0x0000008a8f900000] [id=499572]
  0x0000026c269b1000 GCTaskThread "GC Thread#8" [stack: 0x0000008a8f900000,0x0000008a8fa00000] [id=535392]
  0x0000026c269b2000 GCTaskThread "GC Thread#9" [stack: 0x0000008a8fa00000,0x0000008a8fb00000] [id=525148]
  0x0000026c77417800 ConcurrentGCThread "G1 Main Marker" [stack: 0x0000008a8db00000,0x0000008a8dc00000] [id=536764]
  0x0000026c7741a800 ConcurrentGCThread "G1 Conc#0" [stack: 0x0000008a8dc00000,0x0000008a8dd00000] [id=537188]
  0x0000026c2437f800 ConcurrentGCThread "G1 Refine#0" [stack: 0x0000008a8dd00000,0x0000008a8de00000] [id=538020]
  0x0000026c269b2800 ConcurrentGCThread "G1 Refine#1" [stack: 0x0000008a8fb00000,0x0000008a8fc00000] [id=530396]
  0x0000026c2699f800 ConcurrentGCThread "G1 Refine#2" [stack: 0x0000008a8fc00000,0x0000008a8fd00000] [id=523084]
  0x0000026c24380800 ConcurrentGCThread "G1 Young RemSet Sampling" [stack: 0x0000008a8de00000,0x0000008a8df00000] [id=514036]

Threads with active compile tasks:

VM state:not at safepoint (normal execution)

VM Mutex/Monitor currently owned by a thread: None

Heap address: 0x0000000604800000, size: 8120 MB, Compressed Oops mode: Zero based, Oop shift amount: 3
Narrow klass base: 0x0000000800000000, Narrow klass shift: 3
Compressed class space size: 1073741824 Address: 0x0000000800b30000

Heap:
 garbage-first heap   total 520192K, used 54190K [0x0000000604800000, 0x0000000800000000)
  region size 2048K, 25 young (51200K), 2 survivors (4096K)
 Metaspace       used 20404K, capacity 21002K, committed 21120K, reserved 1067008K
  class space    used 2442K, capacity 2656K, committed 2688K, reserved 1048576K
Heap Regions: E=young(eden), S=young(survivor), O=old, HS=humongous(starts), HC=humongous(continues), CS=collection set, F=free, OA=open archive, CA=closed archive, TAMS=top-at-mark-start (previous, next)
|   0|0x0000000604800000, 0x0000000604a00000, 0x0000000604a00000|100%| O|  |TAMS 0x0000000604800000, 0x0000000604800000| Untracked 
|   1|0x0000000604a00000, 0x0000000604c00000, 0x0000000604c00000|100%| O|  |TAMS 0x0000000604a00000, 0x0000000604a00000| Untracked 
|   2|0x0000000604c00000, 0x0000000604e00000, 0x0000000604e00000|100%| O|  |TAMS 0x0000000604c00000, 0x0000000604c00000| Untracked 
|   3|0x0000000604e00000, 0x0000000604e6a000, 0x0000000605000000| 20%| O|  |TAMS 0x0000000604e00000, 0x0000000604e00000| Untracked 
|   4|0x0000000605000000, 0x0000000605000000, 0x0000000605200000|  0%| F|  |TAMS 0x0000000605000000, 0x0000000605000000| Untracked 
|   5|0x0000000605200000, 0x0000000605200000, 0x0000000605400000|  0%| F|  |TAMS 0x0000000605200000, 0x0000000605200000| Untracked 
|   6|0x0000000605400000, 0x0000000605400000, 0x0000000605600000|  0%| F|  |TAMS 0x0000000605400000, 0x0000000605400000| Untracked 
|   7|0x0000000605600000, 0x0000000605600000, 0x0000000605800000|  0%| F|  |TAMS 0x0000000605600000, 0x0000000605600000| Untracked 
|   8|0x0000000605800000, 0x0000000605800000, 0x0000000605a00000|  0%| F|  |TAMS 0x0000000605800000, 0x0000000605800000| Untracked 
|   9|0x0000000605a00000, 0x0000000605a00000, 0x0000000605c00000|  0%| F|  |TAMS 0x0000000605a00000, 0x0000000605a00000| Untracked 
|  10|0x0000000605c00000, 0x0000000605c00000, 0x0000000605e00000|  0%| F|  |TAMS 0x0000000605c00000, 0x0000000605c00000| Untracked 
|  11|0x0000000605e00000, 0x0000000605e00000, 0x0000000606000000|  0%| F|  |TAMS 0x0000000605e00000, 0x0000000605e00000| Untracked 
|  12|0x0000000606000000, 0x0000000606000000, 0x0000000606200000|  0%| F|  |TAMS 0x0000000606000000, 0x0000000606000000| Untracked 
|  13|0x0000000606200000, 0x0000000606200000, 0x0000000606400000|  0%| F|  |TAMS 0x0000000606200000, 0x0000000606200000| Untracked 
|  14|0x0000000606400000, 0x0000000606400000, 0x0000000606600000|  0%| F|  |TAMS 0x0000000606400000, 0x0000000606400000| Untracked 
|  15|0x0000000606600000, 0x0000000606600000, 0x0000000606800000|  0%| F|  |TAMS 0x0000000606600000, 0x0000000606600000| Untracked 
|  16|0x0000000606800000, 0x0000000606800000, 0x0000000606a00000|  0%| F|  |TAMS 0x0000000606800000, 0x0000000606800000| Untracked 
|  17|0x0000000606a00000, 0x0000000606a00000, 0x0000000606c00000|  0%| F|  |TAMS 0x0000000606a00000, 0x0000000606a00000| Untracked 
|  18|0x0000000606c00000, 0x0000000606c00000, 0x0000000606e00000|  0%| F|  |TAMS 0x0000000606c00000, 0x0000000606c00000| Untracked 
|  19|0x0000000606e00000, 0x0000000606e00000, 0x0000000607000000|  0%| F|  |TAMS 0x0000000606e00000, 0x0000000606e00000| Untracked 
|  20|0x0000000607000000, 0x0000000607000000, 0x0000000607200000|  0%| F|  |TAMS 0x0000000607000000, 0x0000000607000000| Untracked 
|  21|0x0000000607200000, 0x0000000607200000, 0x0000000607400000|  0%| F|  |TAMS 0x0000000607200000, 0x0000000607200000| Untracked 
|  22|0x0000000607400000, 0x0000000607400000, 0x0000000607600000|  0%| F|  |TAMS 0x0000000607400000, 0x0000000607400000| Untracked 
|  23|0x0000000607600000, 0x0000000607600000, 0x0000000607800000|  0%| F|  |TAMS 0x0000000607600000, 0x0000000607600000| Untracked 
|  24|0x0000000607800000, 0x0000000607800000, 0x0000000607a00000|  0%| F|  |TAMS 0x0000000607800000, 0x0000000607800000| Untracked 
|  25|0x0000000607a00000, 0x0000000607a00000, 0x0000000607c00000|  0%| F|  |TAMS 0x0000000607a00000, 0x0000000607a00000| Untracked 
|  26|0x0000000607c00000, 0x0000000607c00000, 0x0000000607e00000|  0%| F|  |TAMS 0x0000000607c00000, 0x0000000607c00000| Untracked 
|  27|0x0000000607e00000, 0x0000000607e00000, 0x0000000608000000|  0%| F|  |TAMS 0x0000000607e00000, 0x0000000607e00000| Untracked 
|  28|0x0000000608000000, 0x0000000608000000, 0x0000000608200000|  0%| F|  |TAMS 0x0000000608000000, 0x0000000608000000| Untracked 
|  29|0x0000000608200000, 0x0000000608200000, 0x0000000608400000|  0%| F|  |TAMS 0x0000000608200000, 0x0000000608200000| Untracked 
|  30|0x0000000608400000, 0x0000000608400000, 0x0000000608600000|  0%| F|  |TAMS 0x0000000608400000, 0x0000000608400000| Untracked 
|  31|0x0000000608600000, 0x0000000608600000, 0x0000000608800000|  0%| F|  |TAMS 0x0000000608600000, 0x0000000608600000| Untracked 
|  32|0x0000000608800000, 0x0000000608800000, 0x0000000608a00000|  0%| F|  |TAMS 0x0000000608800000, 0x0000000608800000| Untracked 
|  33|0x0000000608a00000, 0x0000000608a00000, 0x0000000608c00000|  0%| F|  |TAMS 0x0000000608a00000, 0x0000000608a00000| Untracked 
|  34|0x0000000608c00000, 0x0000000608c00000, 0x0000000608e00000|  0%| F|  |TAMS 0x0000000608c00000, 0x0000000608c00000| Untracked 
|  35|0x0000000608e00000, 0x0000000608e00000, 0x0000000609000000|  0%| F|  |TAMS 0x0000000608e00000, 0x0000000608e00000| Untracked 
|  36|0x0000000609000000, 0x0000000609000000, 0x0000000609200000|  0%| F|  |TAMS 0x0000000609000000, 0x0000000609000000| Untracked 
|  37|0x0000000609200000, 0x0000000609200000, 0x0000000609400000|  0%| F|  |TAMS 0x0000000609200000, 0x0000000609200000| Untracked 
|  38|0x0000000609400000, 0x0000000609400000, 0x0000000609600000|  0%| F|  |TAMS 0x0000000609400000, 0x0000000609400000| Untracked 
|  39|0x0000000609600000, 0x0000000609600000, 0x0000000609800000|  0%| F|  |TAMS 0x0000000609600000, 0x0000000609600000| Untracked 
|  40|0x0000000609800000, 0x0000000609800000, 0x0000000609a00000|  0%| F|  |TAMS 0x0000000609800000, 0x0000000609800000| Untracked 
|  41|0x0000000609a00000, 0x0000000609a00000, 0x0000000609c00000|  0%| F|  |TAMS 0x0000000609a00000, 0x0000000609a00000| Untracked 
|  42|0x0000000609c00000, 0x0000000609c00000, 0x0000000609e00000|  0%| F|  |TAMS 0x0000000609c00000, 0x0000000609c00000| Untracked 
|  43|0x0000000609e00000, 0x0000000609e00000, 0x000000060a000000|  0%| F|  |TAMS 0x0000000609e00000, 0x0000000609e00000| Untracked 
|  44|0x000000060a000000, 0x000000060a000000, 0x000000060a200000|  0%| F|  |TAMS 0x000000060a000000, 0x000000060a000000| Untracked 
|  45|0x000000060a200000, 0x000000060a200000, 0x000000060a400000|  0%| F|  |TAMS 0x000000060a200000, 0x000000060a200000| Untracked 
|  46|0x000000060a400000, 0x000000060a400000, 0x000000060a600000|  0%| F|  |TAMS 0x000000060a400000, 0x000000060a400000| Untracked 
|  47|0x000000060a600000, 0x000000060a600000, 0x000000060a800000|  0%| F|  |TAMS 0x000000060a600000, 0x000000060a600000| Untracked 
|  48|0x000000060a800000, 0x000000060a800000, 0x000000060aa00000|  0%| F|  |TAMS 0x000000060a800000, 0x000000060a800000| Untracked 
|  49|0x000000060aa00000, 0x000000060aa00000, 0x000000060ac00000|  0%| F|  |TAMS 0x000000060aa00000, 0x000000060aa00000| Untracked 
|  50|0x000000060ac00000, 0x000000060ac00000, 0x000000060ae00000|  0%| F|  |TAMS 0x000000060ac00000, 0x000000060ac00000| Untracked 
|  51|0x000000060ae00000, 0x000000060ae00000, 0x000000060b000000|  0%| F|  |TAMS 0x000000060ae00000, 0x000000060ae00000| Untracked 
|  52|0x000000060b000000, 0x000000060b000000, 0x000000060b200000|  0%| F|  |TAMS 0x000000060b000000, 0x000000060b000000| Untracked 
|  53|0x000000060b200000, 0x000000060b200000, 0x000000060b400000|  0%| F|  |TAMS 0x000000060b200000, 0x000000060b200000| Untracked 
|  54|0x000000060b400000, 0x000000060b400000, 0x000000060b600000|  0%| F|  |TAMS 0x000000060b400000, 0x000000060b400000| Untracked 
|  55|0x000000060b600000, 0x000000060b600000, 0x000000060b800000|  0%| F|  |TAMS 0x000000060b600000, 0x000000060b600000| Untracked 
|  56|0x000000060b800000, 0x000000060b800000, 0x000000060ba00000|  0%| F|  |TAMS 0x000000060b800000, 0x000000060b800000| Untracked 
|  57|0x000000060ba00000, 0x000000060ba00000, 0x000000060bc00000|  0%| F|  |TAMS 0x000000060ba00000, 0x000000060ba00000| Untracked 
|  58|0x000000060bc00000, 0x000000060bc00000, 0x000000060be00000|  0%| F|  |TAMS 0x000000060bc00000, 0x000000060bc00000| Untracked 
|  59|0x000000060be00000, 0x000000060be00000, 0x000000060c000000|  0%| F|  |TAMS 0x000000060be00000, 0x000000060be00000| Untracked 
|  60|0x000000060c000000, 0x000000060c000000, 0x000000060c200000|  0%| F|  |TAMS 0x000000060c000000, 0x000000060c000000| Untracked 
|  61|0x000000060c200000, 0x000000060c200000, 0x000000060c400000|  0%| F|  |TAMS 0x000000060c200000, 0x000000060c200000| Untracked 
|  62|0x000000060c400000, 0x000000060c400000, 0x000000060c600000|  0%| F|  |TAMS 0x000000060c400000, 0x000000060c400000| Untracked 
|  63|0x000000060c600000, 0x000000060c600000, 0x000000060c800000|  0%| F|  |TAMS 0x000000060c600000, 0x000000060c600000| Untracked 
|  64|0x000000060c800000, 0x000000060c800000, 0x000000060ca00000|  0%| F|  |TAMS 0x000000060c800000, 0x000000060c800000| Untracked 
|  65|0x000000060ca00000, 0x000000060ca00000, 0x000000060cc00000|  0%| F|  |TAMS 0x000000060ca00000, 0x000000060ca00000| Untracked 
|  66|0x000000060cc00000, 0x000000060cc00000, 0x000000060ce00000|  0%| F|  |TAMS 0x000000060cc00000, 0x000000060cc00000| Untracked 
|  67|0x000000060ce00000, 0x000000060ce00000, 0x000000060d000000|  0%| F|  |TAMS 0x000000060ce00000, 0x000000060ce00000| Untracked 
|  68|0x000000060d000000, 0x000000060d000000, 0x000000060d200000|  0%| F|  |TAMS 0x000000060d000000, 0x000000060d000000| Untracked 
|  69|0x000000060d200000, 0x000000060d200000, 0x000000060d400000|  0%| F|  |TAMS 0x000000060d200000, 0x000000060d200000| Untracked 
|  70|0x000000060d400000, 0x000000060d400000, 0x000000060d600000|  0%| F|  |TAMS 0x000000060d400000, 0x000000060d400000| Untracked 
|  71|0x000000060d600000, 0x000000060d600000, 0x000000060d800000|  0%| F|  |TAMS 0x000000060d600000, 0x000000060d600000| Untracked 
|  72|0x000000060d800000, 0x000000060d800000, 0x000000060da00000|  0%| F|  |TAMS 0x000000060d800000, 0x000000060d800000| Untracked 
|  73|0x000000060da00000, 0x000000060da00000, 0x000000060dc00000|  0%| F|  |TAMS 0x000000060da00000, 0x000000060da00000| Untracked 
|  74|0x000000060dc00000, 0x000000060dc00000, 0x000000060de00000|  0%| F|  |TAMS 0x000000060dc00000, 0x000000060dc00000| Untracked 
|  75|0x000000060de00000, 0x000000060de00000, 0x000000060e000000|  0%| F|  |TAMS 0x000000060de00000, 0x000000060de00000| Untracked 
|  76|0x000000060e000000, 0x000000060e000000, 0x000000060e200000|  0%| F|  |TAMS 0x000000060e000000, 0x000000060e000000| Untracked 
|  77|0x000000060e200000, 0x000000060e200000, 0x000000060e400000|  0%| F|  |TAMS 0x000000060e200000, 0x000000060e200000| Untracked 
|  78|0x000000060e400000, 0x000000060e400000, 0x000000060e600000|  0%| F|  |TAMS 0x000000060e400000, 0x000000060e400000| Untracked 
|  79|0x000000060e600000, 0x000000060e600000, 0x000000060e800000|  0%| F|  |TAMS 0x000000060e600000, 0x000000060e600000| Untracked 
|  80|0x000000060e800000, 0x000000060e800000, 0x000000060ea00000|  0%| F|  |TAMS 0x000000060e800000, 0x000000060e800000| Untracked 
|  81|0x000000060ea00000, 0x000000060ea00000, 0x000000060ec00000|  0%| F|  |TAMS 0x000000060ea00000, 0x000000060ea00000| Untracked 
|  82|0x000000060ec00000, 0x000000060ec00000, 0x000000060ee00000|  0%| F|  |TAMS 0x000000060ec00000, 0x000000060ec00000| Untracked 
|  83|0x000000060ee00000, 0x000000060ee00000, 0x000000060f000000|  0%| F|  |TAMS 0x000000060ee00000, 0x000000060ee00000| Untracked 
|  84|0x000000060f000000, 0x000000060f000000, 0x000000060f200000|  0%| F|  |TAMS 0x000000060f000000, 0x000000060f000000| Untracked 
|  85|0x000000060f200000, 0x000000060f200000, 0x000000060f400000|  0%| F|  |TAMS 0x000000060f200000, 0x000000060f200000| Untracked 
|  86|0x000000060f400000, 0x000000060f400000, 0x000000060f600000|  0%| F|  |TAMS 0x000000060f400000, 0x000000060f400000| Untracked 
|  87|0x000000060f600000, 0x000000060f600000, 0x000000060f800000|  0%| F|  |TAMS 0x000000060f600000, 0x000000060f600000| Untracked 
|  88|0x000000060f800000, 0x000000060f800000, 0x000000060fa00000|  0%| F|  |TAMS 0x000000060f800000, 0x000000060f800000| Untracked 
|  89|0x000000060fa00000, 0x000000060fa00000, 0x000000060fc00000|  0%| F|  |TAMS 0x000000060fa00000, 0x000000060fa00000| Untracked 
|  90|0x000000060fc00000, 0x000000060fc00000, 0x000000060fe00000|  0%| F|  |TAMS 0x000000060fc00000, 0x000000060fc00000| Untracked 
|  91|0x000000060fe00000, 0x000000060fe00000, 0x0000000610000000|  0%| F|  |TAMS 0x000000060fe00000, 0x000000060fe00000| Untracked 
|  92|0x0000000610000000, 0x0000000610000000, 0x0000000610200000|  0%| F|  |TAMS 0x0000000610000000, 0x0000000610000000| Untracked 
|  93|0x0000000610200000, 0x0000000610200000, 0x0000000610400000|  0%| F|  |TAMS 0x0000000610200000, 0x0000000610200000| Untracked 
|  94|0x0000000610400000, 0x0000000610400000, 0x0000000610600000|  0%| F|  |TAMS 0x0000000610400000, 0x0000000610400000| Untracked 
|  95|0x0000000610600000, 0x0000000610600000, 0x0000000610800000|  0%| F|  |TAMS 0x0000000610600000, 0x0000000610600000| Untracked 
|  96|0x0000000610800000, 0x0000000610800000, 0x0000000610a00000|  0%| F|  |TAMS 0x0000000610800000, 0x0000000610800000| Untracked 
|  97|0x0000000610a00000, 0x0000000610a00000, 0x0000000610c00000|  0%| F|  |TAMS 0x0000000610a00000, 0x0000000610a00000| Untracked 
|  98|0x0000000610c00000, 0x0000000610c00000, 0x0000000610e00000|  0%| F|  |TAMS 0x0000000610c00000, 0x0000000610c00000| Untracked 
|  99|0x0000000610e00000, 0x0000000610e00000, 0x0000000611000000|  0%| F|  |TAMS 0x0000000610e00000, 0x0000000610e00000| Untracked 
| 100|0x0000000611000000, 0x0000000611000000, 0x0000000611200000|  0%| F|  |TAMS 0x0000000611000000, 0x0000000611000000| Untracked 
| 101|0x0000000611200000, 0x0000000611200000, 0x0000000611400000|  0%| F|  |TAMS 0x0000000611200000, 0x0000000611200000| Untracked 
| 102|0x0000000611400000, 0x0000000611400000, 0x0000000611600000|  0%| F|  |TAMS 0x0000000611400000, 0x0000000611400000| Untracked 
| 103|0x0000000611600000, 0x0000000611600000, 0x0000000611800000|  0%| F|  |TAMS 0x0000000611600000, 0x0000000611600000| Untracked 
| 104|0x0000000611800000, 0x0000000611800000, 0x0000000611a00000|  0%| F|  |TAMS 0x0000000611800000, 0x0000000611800000| Untracked 
| 105|0x0000000611a00000, 0x0000000611a00000, 0x0000000611c00000|  0%| F|  |TAMS 0x0000000611a00000, 0x0000000611a00000| Untracked 
| 106|0x0000000611c00000, 0x0000000611c00000, 0x0000000611e00000|  0%| F|  |TAMS 0x0000000611c00000, 0x0000000611c00000| Untracked 
| 107|0x0000000611e00000, 0x0000000611e00000, 0x0000000612000000|  0%| F|  |TAMS 0x0000000611e00000, 0x0000000611e00000| Untracked 
| 108|0x0000000612000000, 0x0000000612000000, 0x0000000612200000|  0%| F|  |TAMS 0x0000000612000000, 0x0000000612000000| Untracked 
| 109|0x0000000612200000, 0x0000000612200000, 0x0000000612400000|  0%| F|  |TAMS 0x0000000612200000, 0x0000000612200000| Untracked 
| 110|0x0000000612400000, 0x0000000612400000, 0x0000000612600000|  0%| F|  |TAMS 0x0000000612400000, 0x0000000612400000| Untracked 
| 111|0x0000000612600000, 0x0000000612600000, 0x0000000612800000|  0%| F|  |TAMS 0x0000000612600000, 0x0000000612600000| Untracked 
| 112|0x0000000612800000, 0x0000000612800000, 0x0000000612a00000|  0%| F|  |TAMS 0x0000000612800000, 0x0000000612800000| Untracked 
| 113|0x0000000612a00000, 0x0000000612a00000, 0x0000000612c00000|  0%| F|  |TAMS 0x0000000612a00000, 0x0000000612a00000| Untracked 
| 114|0x0000000612c00000, 0x0000000612c00000, 0x0000000612e00000|  0%| F|  |TAMS 0x0000000612c00000, 0x0000000612c00000| Untracked 
| 115|0x0000000612e00000, 0x0000000612e00000, 0x0000000613000000|  0%| F|  |TAMS 0x0000000612e00000, 0x0000000612e00000| Untracked 
| 116|0x0000000613000000, 0x0000000613000000, 0x0000000613200000|  0%| F|  |TAMS 0x0000000613000000, 0x0000000613000000| Untracked 
| 117|0x0000000613200000, 0x0000000613200000, 0x0000000613400000|  0%| F|  |TAMS 0x0000000613200000, 0x0000000613200000| Untracked 
| 118|0x0000000613400000, 0x0000000613400000, 0x0000000613600000|  0%| F|  |TAMS 0x0000000613400000, 0x0000000613400000| Untracked 
| 119|0x0000000613600000, 0x0000000613600000, 0x0000000613800000|  0%| F|  |TAMS 0x0000000613600000, 0x0000000613600000| Untracked 
| 120|0x0000000613800000, 0x0000000613800000, 0x0000000613a00000|  0%| F|  |TAMS 0x0000000613800000, 0x0000000613800000| Untracked 
| 121|0x0000000613a00000, 0x0000000613a00000, 0x0000000613c00000|  0%| F|  |TAMS 0x0000000613a00000, 0x0000000613a00000| Untracked 
| 122|0x0000000613c00000, 0x0000000613c00000, 0x0000000613e00000|  0%| F|  |TAMS 0x0000000613c00000, 0x0000000613c00000| Untracked 
| 123|0x0000000613e00000, 0x0000000613e00000, 0x0000000614000000|  0%| F|  |TAMS 0x0000000613e00000, 0x0000000613e00000| Untracked 
| 124|0x0000000614000000, 0x0000000614000000, 0x0000000614200000|  0%| F|  |TAMS 0x0000000614000000, 0x0000000614000000| Untracked 
| 125|0x0000000614200000, 0x0000000614200000, 0x0000000614400000|  0%| F|  |TAMS 0x0000000614200000, 0x0000000614200000| Untracked 
| 126|0x0000000614400000, 0x0000000614400000, 0x0000000614600000|  0%| F|  |TAMS 0x0000000614400000, 0x0000000614400000| Untracked 
| 127|0x0000000614600000, 0x0000000614600000, 0x0000000614800000|  0%| F|  |TAMS 0x0000000614600000, 0x0000000614600000| Untracked 
| 128|0x0000000614800000, 0x0000000614800000, 0x0000000614a00000|  0%| F|  |TAMS 0x0000000614800000, 0x0000000614800000| Untracked 
| 129|0x0000000614a00000, 0x0000000614a00000, 0x0000000614c00000|  0%| F|  |TAMS 0x0000000614a00000, 0x0000000614a00000| Untracked 
| 130|0x0000000614c00000, 0x0000000614c00000, 0x0000000614e00000|  0%| F|  |TAMS 0x0000000614c00000, 0x0000000614c00000| Untracked 
| 131|0x0000000614e00000, 0x0000000614e00000, 0x0000000615000000|  0%| F|  |TAMS 0x0000000614e00000, 0x0000000614e00000| Untracked 
| 132|0x0000000615000000, 0x0000000615000000, 0x0000000615200000|  0%| F|  |TAMS 0x0000000615000000, 0x0000000615000000| Untracked 
| 133|0x0000000615200000, 0x0000000615200000, 0x0000000615400000|  0%| F|  |TAMS 0x0000000615200000, 0x0000000615200000| Untracked 
| 134|0x0000000615400000, 0x0000000615400000, 0x0000000615600000|  0%| F|  |TAMS 0x0000000615400000, 0x0000000615400000| Untracked 
| 135|0x0000000615600000, 0x0000000615600000, 0x0000000615800000|  0%| F|  |TAMS 0x0000000615600000, 0x0000000615600000| Untracked 
| 136|0x0000000615800000, 0x0000000615800000, 0x0000000615a00000|  0%| F|  |TAMS 0x0000000615800000, 0x0000000615800000| Untracked 
| 137|0x0000000615a00000, 0x0000000615a00000, 0x0000000615c00000|  0%| F|  |TAMS 0x0000000615a00000, 0x0000000615a00000| Untracked 
| 138|0x0000000615c00000, 0x0000000615c00000, 0x0000000615e00000|  0%| F|  |TAMS 0x0000000615c00000, 0x0000000615c00000| Untracked 
| 139|0x0000000615e00000, 0x0000000615e00000, 0x0000000616000000|  0%| F|  |TAMS 0x0000000615e00000, 0x0000000615e00000| Untracked 
| 140|0x0000000616000000, 0x0000000616000000, 0x0000000616200000|  0%| F|  |TAMS 0x0000000616000000, 0x0000000616000000| Untracked 
| 141|0x0000000616200000, 0x0000000616200000, 0x0000000616400000|  0%| F|  |TAMS 0x0000000616200000, 0x0000000616200000| Untracked 
| 142|0x0000000616400000, 0x0000000616400000, 0x0000000616600000|  0%| F|  |TAMS 0x0000000616400000, 0x0000000616400000| Untracked 
| 143|0x0000000616600000, 0x0000000616600000, 0x0000000616800000|  0%| F|  |TAMS 0x0000000616600000, 0x0000000616600000| Untracked 
| 144|0x0000000616800000, 0x0000000616800000, 0x0000000616a00000|  0%| F|  |TAMS 0x0000000616800000, 0x0000000616800000| Untracked 
| 145|0x0000000616a00000, 0x0000000616a00000, 0x0000000616c00000|  0%| F|  |TAMS 0x0000000616a00000, 0x0000000616a00000| Untracked 
| 146|0x0000000616c00000, 0x0000000616c00000, 0x0000000616e00000|  0%| F|  |TAMS 0x0000000616c00000, 0x0000000616c00000| Untracked 
| 147|0x0000000616e00000, 0x0000000616e00000, 0x0000000617000000|  0%| F|  |TAMS 0x0000000616e00000, 0x0000000616e00000| Untracked 
| 148|0x0000000617000000, 0x0000000617000000, 0x0000000617200000|  0%| F|  |TAMS 0x0000000617000000, 0x0000000617000000| Untracked 
| 149|0x0000000617200000, 0x0000000617200000, 0x0000000617400000|  0%| F|  |TAMS 0x0000000617200000, 0x0000000617200000| Untracked 
| 150|0x0000000617400000, 0x0000000617400000, 0x0000000617600000|  0%| F|  |TAMS 0x0000000617400000, 0x0000000617400000| Untracked 
| 151|0x0000000617600000, 0x0000000617600000, 0x0000000617800000|  0%| F|  |TAMS 0x0000000617600000, 0x0000000617600000| Untracked 
| 152|0x0000000617800000, 0x0000000617800000, 0x0000000617a00000|  0%| F|  |TAMS 0x0000000617800000, 0x0000000617800000| Untracked 
| 153|0x0000000617a00000, 0x0000000617a00000, 0x0000000617c00000|  0%| F|  |TAMS 0x0000000617a00000, 0x0000000617a00000| Untracked 
| 154|0x0000000617c00000, 0x0000000617c00000, 0x0000000617e00000|  0%| F|  |TAMS 0x0000000617c00000, 0x0000000617c00000| Untracked 
| 155|0x0000000617e00000, 0x0000000617e00000, 0x0000000618000000|  0%| F|  |TAMS 0x0000000617e00000, 0x0000000617e00000| Untracked 
| 156|0x0000000618000000, 0x0000000618000000, 0x0000000618200000|  0%| F|  |TAMS 0x0000000618000000, 0x0000000618000000| Untracked 
| 157|0x0000000618200000, 0x0000000618200000, 0x0000000618400000|  0%| F|  |TAMS 0x0000000618200000, 0x0000000618200000| Untracked 
| 158|0x0000000618400000, 0x0000000618400000, 0x0000000618600000|  0%| F|  |TAMS 0x0000000618400000, 0x0000000618400000| Untracked 
| 159|0x0000000618600000, 0x0000000618600000, 0x0000000618800000|  0%| F|  |TAMS 0x0000000618600000, 0x0000000618600000| Untracked 
| 160|0x0000000618800000, 0x0000000618800000, 0x0000000618a00000|  0%| F|  |TAMS 0x0000000618800000, 0x0000000618800000| Untracked 
| 161|0x0000000618a00000, 0x0000000618a00000, 0x0000000618c00000|  0%| F|  |TAMS 0x0000000618a00000, 0x0000000618a00000| Untracked 
| 162|0x0000000618c00000, 0x0000000618c00000, 0x0000000618e00000|  0%| F|  |TAMS 0x0000000618c00000, 0x0000000618c00000| Untracked 
| 163|0x0000000618e00000, 0x0000000618e00000, 0x0000000619000000|  0%| F|  |TAMS 0x0000000618e00000, 0x0000000618e00000| Untracked 
| 164|0x0000000619000000, 0x0000000619000000, 0x0000000619200000|  0%| F|  |TAMS 0x0000000619000000, 0x0000000619000000| Untracked 
| 165|0x0000000619200000, 0x0000000619200000, 0x0000000619400000|  0%| F|  |TAMS 0x0000000619200000, 0x0000000619200000| Untracked 
| 166|0x0000000619400000, 0x0000000619400000, 0x0000000619600000|  0%| F|  |TAMS 0x0000000619400000, 0x0000000619400000| Untracked 
| 167|0x0000000619600000, 0x0000000619600000, 0x0000000619800000|  0%| F|  |TAMS 0x0000000619600000, 0x0000000619600000| Untracked 
| 168|0x0000000619800000, 0x0000000619800000, 0x0000000619a00000|  0%| F|  |TAMS 0x0000000619800000, 0x0000000619800000| Untracked 
| 169|0x0000000619a00000, 0x0000000619a00000, 0x0000000619c00000|  0%| F|  |TAMS 0x0000000619a00000, 0x0000000619a00000| Untracked 
| 170|0x0000000619c00000, 0x0000000619c00000, 0x0000000619e00000|  0%| F|  |TAMS 0x0000000619c00000, 0x0000000619c00000| Untracked 
| 171|0x0000000619e00000, 0x0000000619e00000, 0x000000061a000000|  0%| F|  |TAMS 0x0000000619e00000, 0x0000000619e00000| Untracked 
| 172|0x000000061a000000, 0x000000061a000000, 0x000000061a200000|  0%| F|  |TAMS 0x000000061a000000, 0x000000061a000000| Untracked 
| 173|0x000000061a200000, 0x000000061a200000, 0x000000061a400000|  0%| F|  |TAMS 0x000000061a200000, 0x000000061a200000| Untracked 
| 174|0x000000061a400000, 0x000000061a400000, 0x000000061a600000|  0%| F|  |TAMS 0x000000061a400000, 0x000000061a400000| Untracked 
| 175|0x000000061a600000, 0x000000061a600000, 0x000000061a800000|  0%| F|  |TAMS 0x000000061a600000, 0x000000061a600000| Untracked 
| 176|0x000000061a800000, 0x000000061a800000, 0x000000061aa00000|  0%| F|  |TAMS 0x000000061a800000, 0x000000061a800000| Untracked 
| 177|0x000000061aa00000, 0x000000061aa00000, 0x000000061ac00000|  0%| F|  |TAMS 0x000000061aa00000, 0x000000061aa00000| Untracked 
| 178|0x000000061ac00000, 0x000000061ac00000, 0x000000061ae00000|  0%| F|  |TAMS 0x000000061ac00000, 0x000000061ac00000| Untracked 
| 179|0x000000061ae00000, 0x000000061ae00000, 0x000000061b000000|  0%| F|  |TAMS 0x000000061ae00000, 0x000000061ae00000| Untracked 
| 180|0x000000061b000000, 0x000000061b000000, 0x000000061b200000|  0%| F|  |TAMS 0x000000061b000000, 0x000000061b000000| Untracked 
| 181|0x000000061b200000, 0x000000061b200000, 0x000000061b400000|  0%| F|  |TAMS 0x000000061b200000, 0x000000061b200000| Untracked 
| 182|0x000000061b400000, 0x000000061b400000, 0x000000061b600000|  0%| F|  |TAMS 0x000000061b400000, 0x000000061b400000| Untracked 
| 183|0x000000061b600000, 0x000000061b600000, 0x000000061b800000|  0%| F|  |TAMS 0x000000061b600000, 0x000000061b600000| Untracked 
| 184|0x000000061b800000, 0x000000061b800000, 0x000000061ba00000|  0%| F|  |TAMS 0x000000061b800000, 0x000000061b800000| Untracked 
| 185|0x000000061ba00000, 0x000000061ba00000, 0x000000061bc00000|  0%| F|  |TAMS 0x000000061ba00000, 0x000000061ba00000| Untracked 
| 186|0x000000061bc00000, 0x000000061bc00000, 0x000000061be00000|  0%| F|  |TAMS 0x000000061bc00000, 0x000000061bc00000| Untracked 
| 187|0x000000061be00000, 0x000000061be00000, 0x000000061c000000|  0%| F|  |TAMS 0x000000061be00000, 0x000000061be00000| Untracked 
| 188|0x000000061c000000, 0x000000061c000000, 0x000000061c200000|  0%| F|  |TAMS 0x000000061c000000, 0x000000061c000000| Untracked 
| 189|0x000000061c200000, 0x000000061c200000, 0x000000061c400000|  0%| F|  |TAMS 0x000000061c200000, 0x000000061c200000| Untracked 
| 190|0x000000061c400000, 0x000000061c400000, 0x000000061c600000|  0%| F|  |TAMS 0x000000061c400000, 0x000000061c400000| Untracked 
| 191|0x000000061c600000, 0x000000061c600000, 0x000000061c800000|  0%| F|  |TAMS 0x000000061c600000, 0x000000061c600000| Untracked 
| 192|0x000000061c800000, 0x000000061c800000, 0x000000061ca00000|  0%| F|  |TAMS 0x000000061c800000, 0x000000061c800000| Untracked 
| 193|0x000000061ca00000, 0x000000061ca00000, 0x000000061cc00000|  0%| F|  |TAMS 0x000000061ca00000, 0x000000061ca00000| Untracked 
| 194|0x000000061cc00000, 0x000000061cc00000, 0x000000061ce00000|  0%| F|  |TAMS 0x000000061cc00000, 0x000000061cc00000| Untracked 
| 195|0x000000061ce00000, 0x000000061ce00000, 0x000000061d000000|  0%| F|  |TAMS 0x000000061ce00000, 0x000000061ce00000| Untracked 
| 196|0x000000061d000000, 0x000000061d000000, 0x000000061d200000|  0%| F|  |TAMS 0x000000061d000000, 0x000000061d000000| Untracked 
| 197|0x000000061d200000, 0x000000061d200000, 0x000000061d400000|  0%| F|  |TAMS 0x000000061d200000, 0x000000061d200000| Untracked 
| 198|0x000000061d400000, 0x000000061d400000, 0x000000061d600000|  0%| F|  |TAMS 0x000000061d400000, 0x000000061d400000| Untracked 
| 199|0x000000061d600000, 0x000000061d600000, 0x000000061d800000|  0%| F|  |TAMS 0x000000061d600000, 0x000000061d600000| Untracked 
| 200|0x000000061d800000, 0x000000061d800000, 0x000000061da00000|  0%| F|  |TAMS 0x000000061d800000, 0x000000061d800000| Untracked 
| 201|0x000000061da00000, 0x000000061da00000, 0x000000061dc00000|  0%| F|  |TAMS 0x000000061da00000, 0x000000061da00000| Untracked 
| 202|0x000000061dc00000, 0x000000061dc00000, 0x000000061de00000|  0%| F|  |TAMS 0x000000061dc00000, 0x000000061dc00000| Untracked 
| 203|0x000000061de00000, 0x000000061de00000, 0x000000061e000000|  0%| F|  |TAMS 0x000000061de00000, 0x000000061de00000| Untracked 
| 204|0x000000061e000000, 0x000000061e000000, 0x000000061e200000|  0%| F|  |TAMS 0x000000061e000000, 0x000000061e000000| Untracked 
| 205|0x000000061e200000, 0x000000061e200000, 0x000000061e400000|  0%| F|  |TAMS 0x000000061e200000, 0x000000061e200000| Untracked 
| 206|0x000000061e400000, 0x000000061e400000, 0x000000061e600000|  0%| F|  |TAMS 0x000000061e400000, 0x000000061e400000| Untracked 
| 207|0x000000061e600000, 0x000000061e600000, 0x000000061e800000|  0%| F|  |TAMS 0x000000061e600000, 0x000000061e600000| Untracked 
| 208|0x000000061e800000, 0x000000061e800000, 0x000000061ea00000|  0%| F|  |TAMS 0x000000061e800000, 0x000000061e800000| Untracked 
| 209|0x000000061ea00000, 0x000000061ea00000, 0x000000061ec00000|  0%| F|  |TAMS 0x000000061ea00000, 0x000000061ea00000| Untracked 
| 210|0x000000061ec00000, 0x000000061ec00000, 0x000000061ee00000|  0%| F|  |TAMS 0x000000061ec00000, 0x000000061ec00000| Untracked 
| 211|0x000000061ee00000, 0x000000061ee00000, 0x000000061f000000|  0%| F|  |TAMS 0x000000061ee00000, 0x000000061ee00000| Untracked 
| 212|0x000000061f000000, 0x000000061f000000, 0x000000061f200000|  0%| F|  |TAMS 0x000000061f000000, 0x000000061f000000| Untracked 
| 213|0x000000061f200000, 0x000000061f200000, 0x000000061f400000|  0%| F|  |TAMS 0x000000061f200000, 0x000000061f200000| Untracked 
| 214|0x000000061f400000, 0x000000061f400000, 0x000000061f600000|  0%| F|  |TAMS 0x000000061f400000, 0x000000061f400000| Untracked 
| 215|0x000000061f600000, 0x000000061f600000, 0x000000061f800000|  0%| F|  |TAMS 0x000000061f600000, 0x000000061f600000| Untracked 
| 216|0x000000061f800000, 0x000000061f800000, 0x000000061fa00000|  0%| F|  |TAMS 0x000000061f800000, 0x000000061f800000| Untracked 
| 217|0x000000061fa00000, 0x000000061fa00000, 0x000000061fc00000|  0%| F|  |TAMS 0x000000061fa00000, 0x000000061fa00000| Untracked 
| 218|0x000000061fc00000, 0x000000061fc00000, 0x000000061fe00000|  0%| F|  |TAMS 0x000000061fc00000, 0x000000061fc00000| Untracked 
| 219|0x000000061fe00000, 0x000000061fe00000, 0x0000000620000000|  0%| F|  |TAMS 0x000000061fe00000, 0x000000061fe00000| Untracked 
| 220|0x0000000620000000, 0x0000000620000000, 0x0000000620200000|  0%| F|  |TAMS 0x0000000620000000, 0x0000000620000000| Untracked 
| 221|0x0000000620200000, 0x0000000620200000, 0x0000000620400000|  0%| F|  |TAMS 0x0000000620200000, 0x0000000620200000| Untracked 
| 222|0x0000000620400000, 0x0000000620400000, 0x0000000620600000|  0%| F|  |TAMS 0x0000000620400000, 0x0000000620400000| Untracked 
| 223|0x0000000620600000, 0x0000000620600000, 0x0000000620800000|  0%| F|  |TAMS 0x0000000620600000, 0x0000000620600000| Untracked 
| 224|0x0000000620800000, 0x0000000620800000, 0x0000000620a00000|  0%| F|  |TAMS 0x0000000620800000, 0x0000000620800000| Untracked 
| 225|0x0000000620a00000, 0x0000000620a00000, 0x0000000620c00000|  0%| F|  |TAMS 0x0000000620a00000, 0x0000000620a00000| Untracked 
| 226|0x0000000620c00000, 0x0000000620c00000, 0x0000000620e00000|  0%| F|  |TAMS 0x0000000620c00000, 0x0000000620c00000| Untracked 
| 227|0x0000000620e00000, 0x0000000620e00000, 0x0000000621000000|  0%| F|  |TAMS 0x0000000620e00000, 0x0000000620e00000| Untracked 
| 228|0x0000000621000000, 0x0000000621000000, 0x0000000621200000|  0%| F|  |TAMS 0x0000000621000000, 0x0000000621000000| Untracked 
| 229|0x0000000621200000, 0x00000006213bfad8, 0x0000000621400000| 87%| E|  |TAMS 0x0000000621200000, 0x0000000621200000| Complete 
| 230|0x0000000621400000, 0x0000000621600000, 0x0000000621600000|100%| E|CS|TAMS 0x0000000621400000, 0x0000000621400000| Complete 
| 231|0x0000000621600000, 0x0000000621800000, 0x0000000621800000|100%| E|CS|TAMS 0x0000000621600000, 0x0000000621600000| Complete 
| 232|0x0000000621800000, 0x0000000621a00000, 0x0000000621a00000|100%| E|CS|TAMS 0x0000000621800000, 0x0000000621800000| Complete 
| 233|0x0000000621a00000, 0x0000000621c00000, 0x0000000621c00000|100%| E|CS|TAMS 0x0000000621a00000, 0x0000000621a00000| Complete 
| 234|0x0000000621c00000, 0x0000000621e00000, 0x0000000621e00000|100%| E|CS|TAMS 0x0000000621c00000, 0x0000000621c00000| Complete 
| 235|0x0000000621e00000, 0x0000000622000000, 0x0000000622000000|100%| E|CS|TAMS 0x0000000621e00000, 0x0000000621e00000| Complete 
| 236|0x0000000622000000, 0x0000000622200000, 0x0000000622200000|100%| E|CS|TAMS 0x0000000622000000, 0x0000000622000000| Complete 
| 237|0x0000000622200000, 0x0000000622281960, 0x0000000622400000| 25%| S|CS|TAMS 0x0000000622200000, 0x0000000622200000| Complete 
| 238|0x0000000622400000, 0x0000000622600000, 0x0000000622600000|100%| S|CS|TAMS 0x0000000622400000, 0x0000000622400000| Complete 
| 239|0x0000000622600000, 0x0000000622800000, 0x0000000622800000|100%| E|CS|TAMS 0x0000000622600000, 0x0000000622600000| Complete 
| 240|0x0000000622800000, 0x0000000622a00000, 0x0000000622a00000|100%| E|CS|TAMS 0x0000000622800000, 0x0000000622800000| Complete 
| 241|0x0000000622a00000, 0x0000000622c00000, 0x0000000622c00000|100%| E|CS|TAMS 0x0000000622a00000, 0x0000000622a00000| Complete 
| 242|0x0000000622c00000, 0x0000000622e00000, 0x0000000622e00000|100%| E|CS|TAMS 0x0000000622c00000, 0x0000000622c00000| Complete 
| 243|0x0000000622e00000, 0x0000000623000000, 0x0000000623000000|100%| E|CS|TAMS 0x0000000622e00000, 0x0000000622e00000| Complete 
| 244|0x0000000623000000, 0x0000000623200000, 0x0000000623200000|100%| E|CS|TAMS 0x0000000623000000, 0x0000000623000000| Complete 
| 245|0x0000000623200000, 0x0000000623400000, 0x0000000623400000|100%| E|CS|TAMS 0x0000000623200000, 0x0000000623200000| Complete 
| 246|0x0000000623400000, 0x0000000623600000, 0x0000000623600000|100%| E|CS|TAMS 0x0000000623400000, 0x0000000623400000| Complete 
| 247|0x0000000623600000, 0x0000000623800000, 0x0000000623800000|100%| E|CS|TAMS 0x0000000623600000, 0x0000000623600000| Complete 
| 248|0x0000000623800000, 0x0000000623a00000, 0x0000000623a00000|100%| E|CS|TAMS 0x0000000623800000, 0x0000000623800000| Complete 
| 249|0x0000000623a00000, 0x0000000623c00000, 0x0000000623c00000|100%| E|CS|TAMS 0x0000000623a00000, 0x0000000623a00000| Complete 
| 250|0x0000000623c00000, 0x0000000623e00000, 0x0000000623e00000|100%| E|CS|TAMS 0x0000000623c00000, 0x0000000623c00000| Complete 
| 251|0x0000000623e00000, 0x0000000624000000, 0x0000000624000000|100%| E|CS|TAMS 0x0000000623e00000, 0x0000000623e00000| Complete 
| 252|0x0000000624000000, 0x0000000624200000, 0x0000000624200000|100%| E|CS|TAMS 0x0000000624000000, 0x0000000624000000| Complete 
| 253|0x0000000624200000, 0x0000000624400000, 0x0000000624400000|100%| E|CS|TAMS 0x0000000624200000, 0x0000000624200000| Complete 

Card table byte_map: [0x0000026c100f0000,0x0000026c110d0000] _byte_map_base: 0x0000026c0d0cc000

Marking Bits (Prev, Next): (CMBitMap*) 0x0000026c773f7008, (CMBitMap*) 0x0000026c773f7048
 Prev Bits: [0x0000026c120b0000, 0x0000026c19f90000)
 Next Bits: [0x0000026c19f90000, 0x0000026c21e70000)

Polling page: 0x0000026c751c0000

Metaspace:

Usage:
  Non-class:     17.92 MB capacity,    17.54 MB ( 98%) used,   323.70 KB (  2%) free+waste,    60.25 KB ( <1%) overhead. 
      Class:      2.59 MB capacity,     2.39 MB ( 92%) used,   184.44 KB (  7%) free+waste,    28.94 KB (  1%) overhead. 
       Both:     20.51 MB capacity,    19.93 MB ( 97%) used,   508.13 KB (  2%) free+waste,    89.19 KB ( <1%) overhead. 

Virtual space:
  Non-class space:       18.00 MB reserved,      18.00 MB (100%) committed 
      Class space:        1.00 GB reserved,       2.63 MB ( <1%) committed 
             Both:        1.02 GB reserved,      20.63 MB (  2%) committed 

Chunk freelists:
   Non-Class:  22.00 KB
       Class:  0 bytes
        Both:  22.00 KB

MaxMetaspaceSize: 17179869184.00 GB
CompressedClassSpaceSize: 1.00 GB

CodeHeap 'non-profiled nmethods': size=120000Kb used=1217Kb max_used=1217Kb free=118782Kb
 bounds [0x0000026c07ad0000, 0x0000026c07d40000, 0x0000026c0f000000]
CodeHeap 'profiled nmethods': size=120000Kb used=4927Kb max_used=4927Kb free=115072Kb
 bounds [0x0000026c005a0000, 0x0000026c00a70000, 0x0000026c07ad0000]
CodeHeap 'non-nmethods': size=5760Kb used=1368Kb max_used=1404Kb free=4391Kb
 bounds [0x0000026c00000000, 0x0000026c00270000, 0x0000026c005a0000]
 total_blobs=3889 nmethods=2427 adapters=472
 compilation: enabled
              stopped_count=0, restarted_count=0
 full_count=0

Compilation events (20 events):
Event: 48.787 Thread 0x0000026c24dce000 2418       1       org.openqa.selenium.remote.SessionId::toString (5 bytes)
Event: 48.787 Thread 0x0000026c24dce000 nmethod 2418 0x0000026c07bfff90 code [0x0000026c07c00120, 0x0000026c07c001f8]
Event: 48.790 Thread 0x0000026c24dce000 2419       3       java.util.stream.ReferencePipeline::forEachWithCancel (23 bytes)
Event: 48.790 Thread 0x0000026c24dce000 nmethod 2419 0x0000026c00a67f10 code [0x0000026c00a680e0, 0x0000026c00a684b8]
Event: 48.790 Thread 0x0000026c24dce000 2421       3       java.util.Formatter::parse (137 bytes)
Event: 48.791 Thread 0x0000026c24db8000 2423       4       java.util.Collections::emptyMap (4 bytes)
Event: 48.791 Thread 0x0000026c24db8000 nmethod 2423 0x0000026c07c00290 code [0x0000026c07c00400, 0x0000026c07c00458]
Event: 48.792 Thread 0x0000026c24dce000 nmethod 2421 0x0000026c00a68610 code [0x0000026c00a68a60, 0x0000026c00a6aca8]
Event: 48.792 Thread 0x0000026c24dce000 2422       3       com.google.common.collect.AbstractMultimap::entries (23 bytes)
Event: 48.792 Thread 0x0000026c24dce000 nmethod 2422 0x0000026c00a6b990 code [0x0000026c00a6bb40, 0x0000026c00a6bde8]
Event: 48.792 Thread 0x0000026c24dce000 2420       3       java.util.Optional::of (12 bytes)
Event: 48.792 Thread 0x0000026c24dce000 nmethod 2420 0x0000026c00a6be90 code [0x0000026c00a6c060, 0x0000026c00a6c448]
Event: 48.792 Thread 0x0000026c24dce000 2424       3       jdk.internal.misc.Unsafe::checkOffset (32 bytes)
Event: 48.792 Thread 0x0000026c24dce000 nmethod 2424 0x0000026c00a6c610 code [0x0000026c00a6c7c0, 0x0000026c00a6ca68]
Event: 48.801 Thread 0x0000026c24dce000 2425       3       jdk.internal.misc.Unsafe::copyMemory (33 bytes)
Event: 48.801 Thread 0x0000026c24dce000 nmethod 2425 0x0000026c00a6cb90 code [0x0000026c00a6ce60, 0x0000026c00a6dbf8]
Event: 48.801 Thread 0x0000026c24dce000 2427       3       com.google.common.base.CharMatcher::<init> (5 bytes)
Event: 48.801 Thread 0x0000026c24dce000 nmethod 2427 0x0000026c00a6e190 code [0x0000026c00a6e320, 0x0000026c00a6e498]
Event: 48.801 Thread 0x0000026c24dce000 2426       3       jdk.internal.misc.Unsafe::copyMemoryChecks (21 bytes)
Event: 48.811 Thread 0x0000026c24dce000 nmethod 2426 0x0000026c00a6e590 code [0x0000026c00a6e860, 0x0000026c00a6f648]

GC Heap History (4 events):
Event: 1.152 GC heap before
{Heap before GC invocations=0 (full 0):
 garbage-first heap   total 520192K, used 22528K [0x0000000604800000, 0x0000000800000000)
  region size 2048K, 12 young (24576K), 0 survivors (0K)
 Metaspace       used 9609K, capacity 9776K, committed 9856K, reserved 1058816K
  class space    used 1070K, capacity 1124K, committed 1152K, reserved 1048576K
}
Event: 1.157 GC heap after
{Heap after GC invocations=1 (full 0):
 garbage-first heap   total 520192K, used 6354K [0x0000000604800000, 0x0000000800000000)
  region size 2048K, 2 young (4096K), 2 survivors (4096K)
 Metaspace       used 9609K, capacity 9776K, committed 9856K, reserved 1058816K
  class space    used 1070K, capacity 1124K, committed 1152K, reserved 1048576K
}
Event: 2.959 GC heap before
{Heap before GC invocations=1 (full 0):
 garbage-first heap   total 520192K, used 32978K [0x0000000604800000, 0x0000000800000000)
  region size 2048K, 15 young (30720K), 2 survivors (4096K)
 Metaspace       used 16806K, capacity 17195K, committed 17280K, reserved 1064960K
  class space    used 1966K, capacity 2113K, committed 2176K, reserved 1048576K
}
Event: 2.963 GC heap after
{Heap after GC invocations=2 (full 0):
 garbage-first heap   total 520192K, used 9134K [0x0000000604800000, 0x0000000800000000)
  region size 2048K, 2 young (4096K), 2 survivors (4096K)
 Metaspace       used 16806K, capacity 17195K, committed 17280K, reserved 1064960K
  class space    used 1966K, capacity 2113K, committed 2176K, reserved 1048576K
}

Deoptimization events (20 events):
Event: 48.790 Thread 0x0000026c77371800 DEOPT PACKING pc=0x0000026c00a49354 sp=0x0000008a8d9fce20
Event: 48.790 Thread 0x0000026c77371800 DEOPT UNPACKING pc=0x0000026c0004964e sp=0x0000008a8d9fc370 mode 1
Event: 48.790 Thread 0x0000026c77371800 DEOPT PACKING pc=0x0000026c009fdb1c sp=0x0000008a8d9fcf30
Event: 48.790 Thread 0x0000026c77371800 DEOPT UNPACKING pc=0x0000026c0004964e sp=0x0000008a8d9fc4a0 mode 1
Event: 48.790 Thread 0x0000026c77371800 DEOPT PACKING pc=0x0000026c00a49354 sp=0x0000008a8d9fcea0
Event: 48.790 Thread 0x0000026c77371800 DEOPT UNPACKING pc=0x0000026c0004964e sp=0x0000008a8d9fc3f0 mode 1
Event: 48.790 Thread 0x0000026c77371800 DEOPT PACKING pc=0x0000026c009fdb1c sp=0x0000008a8d9fcfb0
Event: 48.790 Thread 0x0000026c77371800 DEOPT UNPACKING pc=0x0000026c0004964e sp=0x0000008a8d9fc520 mode 1
Event: 48.790 Thread 0x0000026c77371800 DEOPT PACKING pc=0x0000026c00a49354 sp=0x0000008a8d9fce20
Event: 48.790 Thread 0x0000026c77371800 DEOPT UNPACKING pc=0x0000026c0004964e sp=0x0000008a8d9fc370 mode 1
Event: 48.790 Thread 0x0000026c77371800 DEOPT PACKING pc=0x0000026c009fdb1c sp=0x0000008a8d9fcf30
Event: 48.790 Thread 0x0000026c77371800 DEOPT UNPACKING pc=0x0000026c0004964e sp=0x0000008a8d9fc4a0 mode 1
Event: 48.790 Thread 0x0000026c77371800 DEOPT PACKING pc=0x0000026c00a49354 sp=0x0000008a8d9fcea0
Event: 48.790 Thread 0x0000026c77371800 DEOPT UNPACKING pc=0x0000026c0004964e sp=0x0000008a8d9fc3f0 mode 1
Event: 48.790 Thread 0x0000026c77371800 DEOPT PACKING pc=0x0000026c009fdb1c sp=0x0000008a8d9fcfb0
Event: 48.790 Thread 0x0000026c77371800 DEOPT UNPACKING pc=0x0000026c0004964e sp=0x0000008a8d9fc520 mode 1
Event: 48.790 Thread 0x0000026c77371800 DEOPT PACKING pc=0x0000026c00a49354 sp=0x0000008a8d9fce20
Event: 48.790 Thread 0x0000026c77371800 DEOPT UNPACKING pc=0x0000026c0004964e sp=0x0000008a8d9fc370 mode 1
Event: 48.790 Thread 0x0000026c77371800 DEOPT PACKING pc=0x0000026c009fdb1c sp=0x0000008a8d9fcf30
Event: 48.790 Thread 0x0000026c77371800 DEOPT UNPACKING pc=0x0000026c0004964e sp=0x0000008a8d9fc4a0 mode 1

Classes unloaded (0 events):
No events

Classes redefined (8 events):
Event: 277.022 Thread 0x0000026c24d91800 redefined class name=com.kp.apps.web.nuvolo.ct.assetManagement.WorkOrderTests.NewWorkOrder_Tests, count=1
Event: 277.022 Thread 0x0000026c24d91800 redefined class name=com.kp.apps.web.nuvolo.ct.assetManagement.WorkOrderTests.NewWorkOrder_Tests$NewAsset_Tests, count=1
Event: 291.503 Thread 0x0000026c24d91800 redefined class name=com.kp.apps.web.nuvolo.ct.assetManagement.WorkOrderTests.NewWorkOrder_Tests, count=2
Event: 291.503 Thread 0x0000026c24d91800 redefined class name=com.kp.apps.web.nuvolo.ct.assetManagement.WorkOrderTests.NewWorkOrder_Tests$NewAsset_Tests, count=2
Event: 457.698 Thread 0x0000026c24d91800 redefined class name=com.kp.apps.web.nuvolo.ct.assetManagement.WorkOrderTests.NewWorkOrder_Tests, count=3
Event: 457.698 Thread 0x0000026c24d91800 redefined class name=com.kp.apps.web.nuvolo.ct.assetManagement.WorkOrderTests.NewWorkOrder_Tests$NewAsset_Tests, count=3
Event: 725.190 Thread 0x0000026c24d91800 redefined class name=com.kp.apps.web.nuvolo.ct.assetManagement.WorkOrderTests.NewWorkOrder_Tests, count=4
Event: 725.190 Thread 0x0000026c24d91800 redefined class name=com.kp.apps.web.nuvolo.ct.assetManagement.WorkOrderTests.NewWorkOrder_Tests$NewAsset_Tests, count=4

Internal exceptions (20 events):
Event: 2.927 Thread 0x0000026c77371800 Exception <a 'java/lang/NoSuchMethodError'{0x0000000622da7ac0}: 'java.lang.Object java.lang.invoke.DirectMethodHandle$Holder.invokeInterface(java.lang.Object, java.lang.Object, java.lang.Object)'> (0x0000000622da7ac0) 
thrown [./open/src/hotspot/share/interpreter/linkResolver.cpp, line 766]
Event: 2.927 Thread 0x0000026c77371800 Exception <a 'java/lang/IncompatibleClassChangeError'{0x0000000622daa720}: Found class java.lang.Object, but interface was expected> (0x0000000622daa720) 
thrown [./open/src/hotspot/share/interpreter/linkResolver.cpp, line 832]
Event: 2.928 Thread 0x0000026c77371800 Exception <a 'java/lang/NoSuchMethodError'{0x0000000622db2980}: 'int java.lang.invoke.DirectMethodHandle$Holder.invokeSpecialIFC(java.lang.Object, java.lang.Object, java.lang.Object, java.lang.Object)'> (0x0000000622db2980) 
thrown [./open/src/hotspot/share/interpreter/linkResolver.cpp, line 766]
Event: 2.934 Thread 0x0000026c77371800 Exception <a 'java/lang/NoSuchMethodError'{0x000000062261d640}: 'int java.lang.invoke.DirectMethodHandle$Holder.invokeVirtual(java.lang.Object, java.lang.Object)'> (0x000000062261d640) 
thrown [./open/src/hotspot/share/interpreter/linkResolver.cpp, line 766]
Event: 2.934 Thread 0x0000026c77371800 Exception <a 'java/lang/NoSuchMethodError'{0x0000000622622ba8}: 'double java.lang.invoke.DirectMethodHandle$Holder.invokeVirtual(java.lang.Object, java.lang.Object)'> (0x0000000622622ba8) 
thrown [./open/src/hotspot/share/interpreter/linkResolver.cpp, line 766]
Event: 2.935 Thread 0x0000026c77371800 Exception <a 'java/lang/NoSuchMethodError'{0x0000000622628368}: 'float java.lang.invoke.DirectMethodHandle$Holder.invokeVirtual(java.lang.Object, java.lang.Object)'> (0x0000000622628368) 
thrown [./open/src/hotspot/share/interpreter/linkResolver.cpp, line 766]
Event: 2.935 Thread 0x0000026c77371800 Exception <a 'java/lang/NoSuchMethodError'{0x000000062262fd88}: 'long java.lang.invoke.DirectMethodHandle$Holder.invokeVirtual(java.lang.Object, java.lang.Object)'> (0x000000062262fd88) 
thrown [./open/src/hotspot/share/interpreter/linkResolver.cpp, line 766]
Event: 2.954 Thread 0x0000026c77371800 Exception <a 'java/lang/NoSuchMethodError'{0x000000062278f3c8}: 'void java.lang.invoke.DirectMethodHandle$Holder.invokeSpecial(java.lang.Object, java.lang.Object, java.lang.Object, java.lang.Object, java.lang.Object)'> (0x000000062278f3c8) 
thrown [./open/src/hotspot/share/interpreter/linkResolver.cpp, line 766]
Event: 2.986 Thread 0x0000026c77371800 Exception <a 'java/lang/NoSuchMethodError'{0x00000006240a6c10}: 'java.lang.Object java.lang.invoke.Invokers$Holder.invokeExact_MT(java.lang.Object, java.lang.Object, java.lang.Object, java.lang.Object, java.lang.Object, java.lang.Object)'> (0x00000006240a6c10) 
thrown [./open/src/hotspot/share/interpreter/linkResolver.cpp, line 766]
Event: 3.026 Thread 0x0000026c77371800 Exception <a 'java/lang/NoSuchMethodError'{0x0000000623c3d4c0}: 'void java.lang.invoke.DirectMethodHandle$Holder.invokeStatic(java.lang.Object, java.lang.Object, java.lang.Object, java.lang.Object)'> (0x0000000623c3d4c0) 
thrown [./open/src/hotspot/share/interpreter/linkResolver.cpp, line 766]
Event: 4.955 Thread 0x0000026c77371800 Exception <a 'java/lang/NoSuchMethodError'{0x0000000623a05980}: 'java.lang.Object java.lang.invoke.DirectMethodHandle$Holder.invokeSpecialIFC(java.lang.Object, java.lang.Object, java.lang.Object)'> (0x0000000623a05980) 
thrown [./open/src/hotspot/share/interpreter/linkResolver.cpp, line 766]
Event: 4.962 Thread 0x0000026c77371800 Exception <a 'java/lang/NoSuchMethodError'{0x0000000623a86bd8}: 'java.lang.Object java.lang.invoke.DirectMethodHandle$Holder.invokeStatic(java.lang.Object, int, java.lang.Object)'> (0x0000000623a86bd8) 
thrown [./open/src/hotspot/share/interpreter/linkResolver.cpp, line 766]
Event: 4.965 Thread 0x0000026c77371800 Exception <a 'java/lang/ClassNotFoundException'{0x0000000623ab1ae8}: sun/util/logging/resources/spi/loggingProvider> (0x0000000623ab1ae8) 
thrown [./open/src/hotspot/share/classfile/systemDictionary.cpp, line 226]
Event: 5.022 Thread 0x0000026c77371800 Exception <a 'java/lang/ClassNotFoundException'{0x000000062379ee10}: com/aventstack/extentreports/StatusBeanInfo> (0x000000062379ee10) 
thrown [./open/src/hotspot/share/classfile/systemDictionary.cpp, line 226]
Event: 5.022 Thread 0x0000026c77371800 Exception <a 'java/lang/ClassNotFoundException'{0x000000062379fb10}: java/lang/EnumBeanInfo> (0x000000062379fb10) 
thrown [./open/src/hotspot/share/classfile/systemDictionary.cpp, line 226]
Event: 5.022 Thread 0x0000026c77371800 Exception <a 'java/lang/ClassNotFoundException'{0x00000006237a07e0}: java/lang/EnumCustomizer> (0x00000006237a07e0) 
thrown [./open/src/hotspot/share/classfile/systemDictionary.cpp, line 226]
Event: 5.024 Thread 0x0000026c77371800 Exception <a 'java/lang/ClassNotFoundException'{0x00000006237b7f00}: com/aventstack/extentreports/StatusCustomizer> (0x00000006237b7f00) 
thrown [./open/src/hotspot/share/classfile/systemDictionary.cpp, line 226]
Event: 29.681 Thread 0x0000026c77371800 Exception <a 'java/lang/NoSuchMethodError'{0x00000006235da900}: 'void java.lang.invoke.DirectMethodHandle$Holder.invokeVirtual(java.lang.Object, java.lang.Object)'> (0x00000006235da900) 
thrown [./open/src/hotspot/share/interpreter/linkResolver.cpp, line 766]
Event: 33.327 Thread 0x0000026c77371800 Exception <a 'java/lang/NoSuchMethodError'{0x0000000621f723d8}: 'java.lang.Object java.lang.invoke.DirectMethodHandle$Holder.invokeSpecialIFC(java.lang.Object, java.lang.Object)'> (0x0000000621f723d8) 
thrown [./open/src/hotspot/share/interpreter/linkResolver.cpp, line 766]
Event: 33.327 Thread 0x0000026c77371800 Exception <a 'java/lang/NoSuchMethodError'{0x0000000621f78038}: 'void java.lang.invoke.DirectMethodHandle$Holder.invokeSpecial(java.lang.Object, java.lang.Object, int)'> (0x0000000621f78038) 
thrown [./open/src/hotspot/share/interpreter/linkResolver.cpp, line 766]

Events (20 events):
Event: 725.204 Executing VM operation: ChangeBreakpoints
Event: 725.205 Executing VM operation: ChangeBreakpoints done
Event: 725.207 Executing VM operation: GetFrameCount
Event: 725.207 Executing VM operation: GetFrameCount done
Event: 725.207 Executing VM operation: GetStackTrace
Event: 725.207 Executing VM operation: GetStackTrace done
Event: 725.207 Executing VM operation: GetFrameCount
Event: 725.207 Executing VM operation: GetFrameCount done
Event: 725.207 Executing VM operation: SetFramePop
Event: 725.207 Executing nested VM operation: EnterInterpOnlyMode
Event: 725.207 Executing nested VM operation: EnterInterpOnlyMode done
Event: 725.207 Executing VM operation: SetFramePop done
Event: 725.207 Executing VM operation: GetFrameLocation
Event: 725.207 Executing VM operation: GetFrameLocation done
Event: 725.207 Executing VM operation: GetCurrentLocation
Event: 725.207 Executing VM operation: GetCurrentLocation done
Event: 725.207 Executing VM operation: ChangeSingleStep
Event: 725.207 Executing VM operation: ChangeSingleStep done
Event: 725.208 Executing VM operation: GetFrameLocation
Event: 725.208 Executing VM operation: GetFrameLocation done


Dynamic libraries:
0x00007ff793d90000 - 0x00007ff793d9f000 	C:\Users\O579347\Downloads\jdk-14.0.1_windows-x64_bin\jdk-14.0.1\bin\javaw.exe
0x00007ff9a3250000 - 0x00007ff9a3431000 	C:\windows\SYSTEM32\ntdll.dll
0x00007ff9a2e90000 - 0x00007ff9a2f41000 	C:\windows\System32\KERNEL32.DLL
0x00007ff9a03e0000 - 0x00007ff9a0653000 	C:\windows\System32\KERNELBASE.dll
0x00007ff9a02e0000 - 0x00007ff9a03d8000 	C:\windows\System32\ucrtbase.dll
0x00007ff99b0e0000 - 0x00007ff99b0f8000 	C:\Users\O579347\Downloads\jdk-14.0.1_windows-x64_bin\jdk-14.0.1\bin\jli.dll
0x00007ff996f20000 - 0x00007ff996f35000 	C:\Users\O579347\Downloads\jdk-14.0.1_windows-x64_bin\jdk-14.0.1\bin\VCRUNTIME140.dll
0x00007ff9a0940000 - 0x00007ff9a09e1000 	C:\windows\System32\ADVAPI32.dll
0x00007ff9a1940000 - 0x00007ff9a19de000 	C:\windows\System32\msvcrt.dll
0x00007ff9a1500000 - 0x00007ff9a155b000 	C:\windows\System32\sechost.dll
0x00007ff9a0dd0000 - 0x00007ff9a0ef4000 	C:\windows\System32\RPCRT4.dll
0x00007ff9a17b0000 - 0x00007ff9a1940000 	C:\windows\System32\USER32.dll
0x00007ff9a02c0000 - 0x00007ff9a02e0000 	C:\windows\System32\win32u.dll
0x00007ff9a0a20000 - 0x00007ff9a0a48000 	C:\windows\System32\GDI32.dll
0x00007ff984860000 - 0x00007ff984ac9000 	C:\windows\WinSxS\amd64_microsoft.windows.common-controls_6595b64144ccf1df_6.0.17134.1553_none_d400fe0d7c8f3fa4\COMCTL32.dll
0x00007ff9a0030000 - 0x00007ff9a01c2000 	C:\windows\System32\gdi32full.dll
0x00007ff9a0ab0000 - 0x00007ff9a0dd0000 	C:\windows\System32\combase.dll
0x00007ff9a01d0000 - 0x00007ff9a026f000 	C:\windows\System32\msvcp_win.dll
0x00007ff9a0660000 - 0x00007ff9a06d9000 	C:\windows\System32\bcryptPrimitives.dll
0x00007ff999ef0000 - 0x00007ff999efa000 	C:\windows\SYSTEM32\VERSION.dll
0x00007ff9a16e0000 - 0x00007ff9a170d000 	C:\windows\System32\IMM32.DLL
0x00007ff982b70000 - 0x00007ff982b97000 	C:\Program Files\Cylance\Desktop\CyMemDef64.dll
0x00007ff989d00000 - 0x00007ff989d9b000 	C:\Users\O579347\Downloads\jdk-14.0.1_windows-x64_bin\jdk-14.0.1\bin\msvcp140.dll
0x00007ff931bb0000 - 0x00007ff9326ce000 	C:\Users\O579347\Downloads\jdk-14.0.1_windows-x64_bin\jdk-14.0.1\bin\server\jvm.dll
0x00007ff9a0f00000 - 0x00007ff9a0f08000 	C:\windows\System32\PSAPI.DLL
0x00007ff98a310000 - 0x00007ff98a319000 	C:\windows\SYSTEM32\WSOCK32.dll
0x00007ff9a31a0000 - 0x00007ff9a320c000 	C:\windows\System32\WS2_32.dll
0x00007ff994360000 - 0x00007ff994383000 	C:\windows\SYSTEM32\WINMM.dll
0x00007ff994330000 - 0x00007ff99435a000 	C:\windows\SYSTEM32\WINMMBASE.dll
0x00007ff9a0270000 - 0x00007ff9a02b9000 	C:\windows\System32\cfgmgr32.dll
0x00007ff99f580000 - 0x00007ff99f591000 	C:\windows\System32\kernel.appcore.dll
0x00007ff99a290000 - 0x00007ff99a29a000 	C:\Users\O579347\Downloads\jdk-14.0.1_windows-x64_bin\jdk-14.0.1\bin\jimage.dll
0x00007ff99dd40000 - 0x00007ff99df09000 	C:\windows\SYSTEM32\DBGHELP.DLL
0x00007ff997660000 - 0x00007ff997689000 	C:\windows\SYSTEM32\dbgcore.DLL
0x00007ff98a080000 - 0x00007ff98a0b8000 	C:\Users\O579347\Downloads\jdk-14.0.1_windows-x64_bin\jdk-14.0.1\bin\jdwp.dll
0x00007ff98a100000 - 0x00007ff98a125000 	C:\Users\O579347\Downloads\jdk-14.0.1_windows-x64_bin\jdk-14.0.1\bin\java.dll
0x00007ff992a30000 - 0x00007ff992a46000 	C:\Users\O579347\Downloads\jdk-14.0.1_windows-x64_bin\jdk-14.0.1\bin\zip.dll
0x00007ff9a19e0000 - 0x00007ff9a2e25000 	C:\windows\System32\SHELL32.dll
0x00007ff9a0810000 - 0x00007ff9a08b9000 	C:\windows\System32\shcore.dll
0x00007ff99f910000 - 0x00007ff9a0021000 	C:\windows\System32\windows.storage.dll
0x00007ff9a0a50000 - 0x00007ff9a0aa1000 	C:\windows\System32\shlwapi.dll
0x00007ff99f5f0000 - 0x00007ff99f60f000 	C:\windows\System32\profapi.dll
0x00007ff99f5a0000 - 0x00007ff99f5ec000 	C:\windows\System32\powrprof.dll
0x00007ff99f570000 - 0x00007ff99f57a000 	C:\windows\System32\FLTLIB.DLL
0x00007ff9978a0000 - 0x00007ff9978ab000 	C:\Users\O579347\Downloads\jdk-14.0.1_windows-x64_bin\jdk-14.0.1\bin\dt_socket.dll
0x00007ff99eb20000 - 0x00007ff99eb58000 	C:\windows\SYSTEM32\IPHLPAPI.DLL
0x00007ff99edd0000 - 0x00007ff99ee36000 	C:\windows\system32\mswsock.dll
0x00007ff99eb60000 - 0x00007ff99ec1f000 	C:\windows\SYSTEM32\DNSAPI.dll
0x00007ff9a09f0000 - 0x00007ff9a09f8000 	C:\windows\System32\NSI.dll
0x00007ff984d30000 - 0x00007ff984d51000 	C:\windows\FireEye\NamespaceToEvents_01.dll
0x00007ff999d40000 - 0x00007ff999d4a000 	C:\Windows\System32\rasadhlp.dll
0x00007ff99c870000 - 0x00007ff99c8e2000 	C:\windows\System32\fwpuclnt.dll
0x00007ff99f0b0000 - 0x00007ff99f0d5000 	C:\windows\SYSTEM32\bcrypt.dll
0x00007ff98f9b0000 - 0x00007ff98f9c9000 	C:\Users\O579347\Downloads\jdk-14.0.1_windows-x64_bin\jdk-14.0.1\bin\net.dll
0x00007ff99bd50000 - 0x00007ff99be2d000 	C:\windows\SYSTEM32\WINHTTP.dll
0x00007ff98f930000 - 0x00007ff98f942000 	C:\Users\O579347\Downloads\jdk-14.0.1_windows-x64_bin\jdk-14.0.1\bin\nio.dll
0x00007ff989e00000 - 0x00007ff989e25000 	C:\Users\O579347\Downloads\jdk-14.0.1_windows-x64_bin\jdk-14.0.1\bin\sunec.dll
0x00007ff99ef80000 - 0x00007ff99ef97000 	C:\windows\SYSTEM32\CRYPTSP.dll
0x00007ff99e980000 - 0x00007ff99e9b3000 	C:\windows\system32\rsaenh.dll
0x00007ff99f480000 - 0x00007ff99f4a8000 	C:\windows\SYSTEM32\USERENV.dll
0x00007ff99efa0000 - 0x00007ff99efab000 	C:\windows\SYSTEM32\CRYPTBASE.dll
0x00007ff99c6c0000 - 0x00007ff99c6d6000 	C:\windows\SYSTEM32\dhcpcsvc6.DLL
0x00007ff99c330000 - 0x00007ff99c34a000 	C:\windows\SYSTEM32\dhcpcsvc.DLL
0x00007ff997010000 - 0x00007ff99701e000 	C:\Users\O579347\Downloads\jdk-14.0.1_windows-x64_bin\jdk-14.0.1\bin\sunmscapi.dll
0x00007ff99f670000 - 0x00007ff99f852000 	C:\windows\System32\CRYPT32.dll
0x00007ff99f550000 - 0x00007ff99f562000 	C:\windows\System32\MSASN1.dll
0x00007ff99f080000 - 0x00007ff99f0a6000 	C:\windows\SYSTEM32\ncrypt.dll
0x00007ff99f040000 - 0x00007ff99f076000 	C:\windows\SYSTEM32\NTASN1.dll
0x00007ff99a0b0000 - 0x00007ff99a0c0000 	C:\Users\O579347\Downloads\jdk-14.0.1_windows-x64_bin\jdk-14.0.1\bin\verify.dll
0x00007ff96b050000 - 0x00007ff96b092000 	C:\Users\O579347\AppData\Local\Temp\jna--1331765810\jna8637761295334006353.dll
0x00007ff999ee0000 - 0x00007ff999eec000 	C:\windows\SYSTEM32\Secur32.dll
0x00007ff99f450000 - 0x00007ff99f480000 	C:\windows\SYSTEM32\SSPICLI.DLL

dbghelp: loaded successfully - version: 4.0.5 - missing functions: none
symbol engine: initialized successfully - sym options: 0x614 - pdb path: .;C:\Users\O579347\Downloads\jdk-14.0.1_windows-x64_bin\jdk-14.0.1\bin;C:\windows\SYSTEM32;C:\windows\WinSxS\amd64_microsoft.windows.common-controls_6595b64144ccf1df_6.0.17134.1553_none_d400fe0d7c8f3fa4;C:\Program Files\Cylance\Desktop;C:\Users\O579347\Downloads\jdk-14.0.1_windows-x64_bin\jdk-14.0.1\bin\server;C:\windows\FireEye;C:\Users\O579347\AppData\Local\Temp\jna--1331765810

VM Arguments:
jvm_args: -agentlib:jdwp=transport=dt_socket,suspend=y,address=localhost:63688 -ea -Dfile.encoding=Cp1252 
java_command: org.testng.remote.RemoteTestNG -serport 63685 -protocol json -d C:\Users\O579347\EAMMAutomation\testing-automation\eam_Selenium\test-output C:\Users\O579347\AppData\Local\Temp\testng-eclipse-374582212\testng-customsuite.xml
java_class_path (initial): C:\Users\O579347\Downloads\eclipse-jee-2020-06-R-win32-x86_64\eclipse\configuration\org.eclipse.osgi\956\0\.cp\lib\testng-remote.jar;C:\Users\O579347\EAMMAutomation\testing-automation\eam_Selenium\target\test-classes;C:\Users\O579347\EAMMAutomation\testing-automation\eam_Selenium\target\classes;C:\Users\O579347\.m2\repository\net\java\dev\jna\jna-platform\4.5.0\jna-platform-4.5.0.jar;C:\Users\O579347\.m2\repository\net\java\dev\jna\jna\4.5.0\jna-4.5.0.jar;C:\Users\O579347\.m2\repository\net\sourceforge\jexcelapi\jxl\2.6.12\jxl-2.6.12.jar;C:\Users\O579347\.m2\repository\org\uncommons\reportng\1.1.4\reportng-1.1.4.jar;C:\Users\O579347\.m2\repository\velocity\velocity\1.4\velocity-1.4.jar;C:\Users\O579347\.m2\repository\velocity\velocity-dep\1.4\velocity-dep-1.4.jar;C:\Users\O579347\.m2\repository\org\seleniumhq\selenium\selenium-java\3.141.59\selenium-java-3.141.59.jar;C:\Users\O579347\.m2\repository\org\seleniumhq\selenium\selenium-api\3.141.59\selenium-api-3.141.59.jar;C:\Users\O579347\.m2\repository\org\seleniumhq\selenium\selenium-chrome-driver\3.141.59\selenium-chrome-driver-3.141.59.jar;C:\Users\O579347\.m2\repository\org\seleniumhq\selenium\selenium-edge-driver\3.141.59\selenium-edge-driver-3.141.59.jar;C:\Users\O579347\.m2\repository\org\seleniumhq\selenium\selenium-ie-driver\3.141.59\selenium-ie-driver-3.141.59.jar;C:\Users\O579347\.m2\repository\org\seleniumhq\selenium\selenium-opera-driver\3.141.59\selenium-opera-driver-3.141.59.jar;C:\Users\O579347\.m2\repository\org\seleniumhq\selenium\selenium-remote-driver\3.141.59\selenium-remote-driver-3.141.59.jar;C:\Users\O579347\.m2\repository\org\seleniumhq\selenium\selenium-safari-driver\3.141.59\selenium-safari-driver-3.141.59.jar;C:\Users\O579347\.m2\repository\org\seleniumhq\selenium\selenium-support\3.141.59\selenium-support-3.141.59.jar;C:\Users\O579347\.m2\repository\net\bytebuddy\byte-buddy\1.8.15\byte-buddy-1.8.15.jar;C:\Users\O579347\.m2\repository\org\apache\commons\commons-
Launcher Type: SUN_STANDARD

[Global flags]
     intx CICompilerCount                          = 4                                         {product} {ergonomic}
     uint ConcGCThreads                            = 3                                         {product} {ergonomic}
     uint G1ConcRefinementThreads                  = 10                                        {product} {ergonomic}
   size_t G1HeapRegionSize                         = 2097152                                   {product} {ergonomic}
    uintx GCDrainStackTargetSize                   = 64                                        {product} {ergonomic}
   size_t InitialHeapSize                          = 532676608                                 {product} {ergonomic}
   size_t MarkStackSize                            = 4194304                                   {product} {ergonomic}
   size_t MaxHeapSize                              = 8514437120                                {product} {ergonomic}
   size_t MaxNewSize                               = 5108662272                                {product} {ergonomic}
   size_t MinHeapDeltaBytes                        = 2097152                                   {product} {ergonomic}
   size_t MinHeapSize                              = 8388608                                   {product} {ergonomic}
    uintx NonNMethodCodeHeapSize                   = 5839372                                {pd product} {ergonomic}
    uintx NonProfiledCodeHeapSize                  = 122909434                              {pd product} {ergonomic}
    uintx ProfiledCodeHeapSize                     = 122909434                              {pd product} {ergonomic}
    uintx ReservedCodeCacheSize                    = 251658240                              {pd product} {ergonomic}
     bool SegmentedCodeCache                       = true                                      {product} {ergonomic}
   size_t SoftMaxHeapSize                          = 8514437120                             {manageable} {ergonomic}
     bool UseCompressedClassPointers               = true                                 {lp64_product} {ergonomic}
     bool UseCompressedOops                        = true                                 {lp64_product} {ergonomic}
     bool UseG1GC                                  = true                                      {product} {ergonomic}
     bool UseLargePagesIndividualAllocation        = false                                  {pd product} {ergonomic}

Logging:
Log output configuration:
 #0: stdout all=warning uptime,level,tags
 #1: stderr all=off uptime,level,tags

Environment Variables:
PATH=C:\Program Files (x86)\Common Files\Oracle\Java\javapath;C:\Program Files (x86)\Python36-32\Scripts\;C:\Program Files (x86)\Python36-32\;C:\windows\system32;C:\windows;C:\windows\System32\Wbem;C:\windows\System32\WindowsPowerShell\v1.0\;C:\windows\System32\OpenSSH\;C:\Program Files (x86)\CheckPoint\Endpoint Security\Endpoint Common\bin;C:\Program Files (x86)\Microsoft SQL Server\Client SDK\ODBC\130\Tools\Binn\;C:\Program Files (x86)\Microsoft SQL Server\140\Tools\Binn\;C:\Program Files (x86)\Microsoft SQL Server\140\DTS\Binn\;C:\Program Files (x86)\Microsoft SQL Server\140\Tools\Binn\ManagementStudio\;C:\Program Files\dotnet\;C:\Program Files\Microsoft SQL Server\130\Tools\Binn\;C:\Program Files (x86)\Microsoft SQL Server\110\DTS\Binn\;C:\Program Files (x86)\Microsoft SQL Server\120\DTS\Binn\;C:\Program Files (x86)\Microsoft SQL Server\130\DTS\Binn\;C:\Program Files (x86)\Microsoft SQL Server\150\DTS\Binn\;C:\Program Files (x86)\Python36-32\Scripts\;C:\Program Files (x86)\Python36-32\;C:\windows\system32;C:\windows;C:\windows\System32\Wbem;C:\windows\System32\WindowsPowerShell\v1.0\;C:\windows\System32\OpenSSH\;C:\Program Files (x86)\CheckPoint\Endpoint Security\Endpoint Common\bin;C:\Program Files (x86)\Microsoft SQL Server\Client SDK\ODBC\130\Tools\Binn\;C:\Program Files (x86)\Microsoft SQL Server\140\Tools\Binn\;C:\Program Files (x86)\Microsoft SQL Server\140\DTS\Binn\;C:\Program Files (x86)\Microsoft SQL Server\140\Tools\Binn\ManagementStudio\;C:\Program Files\dotnet\;C:\Program Files\Microsoft SQL Server\130\Tools\Binn\;C:\Program Files (x86)\Microsoft SQL Server\110\DTS\Binn\;C:\Program Files (x86)\Microsoft SQL Server\120\DTS\Binn\;C:\Program Files (x86)\Microsoft SQL Server\130\DTS\Binn\;C:\Program Files (x86)\Microsoft SQL Server\150\DTS\Binn\;C:\Users\O579347\AppData\Local\Microsoft\WindowsApps;C:\Program Files (x86)\Java\jdk1.8.0_162\bin;C:\Users\O579347\AppData\Local\Programs\Git\cmd
USERNAME=O579347
OS=Windows_NT
PROCESSOR_IDENTIFIER=Intel64 Family 6 Model 158 Stepping 10, GenuineIntel



---------------  S Y S T E M  ---------------

OS: Windows 10 , 64 bit Build 17134 (10.0.17134.1425)
OS uptime: 7 days 15:01 hours

CPU:total 12 (initial active 12) (6 cores per cpu, 2 threads per core) family 6 model 158 stepping 10, cmov, cx8, fxsr, mmx, sse, sse2, sse3, ssse3, sse4.1, sse4.2, popcnt, avx, avx2, aes, clmul, erms, rtm, 3dnowpref, lzcnt, ht, tsc, tscinvbit, bmi1, bmi2, adx, fma

Memory: 4k page, system-wide physical 32477M (10270M free)
TotalPageFile size 45106M (AvailPageFile size 8946M)
current process WorkingSet (physical memory assigned to process): 132M, peak: 132M
current process commit charge ("private bytes"): 649M, peak: 660M

vm_info: Java HotSpot(TM) 64-Bit Server VM (14.0.1+7) for windows-amd64 JRE (14.0.1+7), built on Mar  5 2020 10:30:14 by "mach5one" with MS VC++ 15.9 (VS2017)

END.
